#
# There is insufficient memory for the Java Runtime Environment to continue.
# Native memory allocation (malloc) failed to allocate 1881616 bytes for Chunk::new
# Possible reasons:
#   The system is out of physical RAM or swap space
#   The process is running with CompressedOops enabled, and the Java Heap may be blocking the growth of the native heap
# Possible solutions:
#   Reduce memory load on the system
#   Increase physical memory or swap space
#   Check if swap backing store is full
#   Decrease Java heap size (-Xmx/-Xms)
#   Decrease number of Java threads
#   Decrease Java thread stack sizes (-Xss)
#   Set larger code cache with -XX:ReservedCodeCacheSize=
#   JVM is running with Unscaled Compressed Oops mode in which the Java heap is
#     placed in the first 4GB address space. The Java Heap base address is the
#     maximum limit for the native heap growth. Please use -XX:HeapBaseMinAddress
#     to set the Java Heap base and to place the Java Heap above 4GB virtual address.
# This output file may be truncated or incomplete.
#
#  Out of Memory Error (allocation.cpp:389), pid=9464, tid=0x00000000000020fc
#
# JRE version: OpenJDK Runtime Environment (8.0_242-b01) (build 1.8.0_242-release-1644-b01)
# Java VM: OpenJDK 64-Bit Server VM (25.242-b01 mixed mode windows-amd64 compressed oops)
# Failed to write core dump. Minidumps are not enabled by default on client versions of Windows
#

---------------  T H R E A D  ---------------

Current thread (0x0000000016a79000):  JavaThread "C2 CompilerThread1" daemon [_thread_in_native, id=8444, stack(0x00000000181d0000,0x00000000182d0000)]

Stack: [0x00000000181d0000,0x00000000182d0000]
[error occurred during error reporting (printing stack bounds), id 0xc0000005]

Native frames: (J=compiled Java code, j=interpreted, Vv=VM code, C=native code)


Current CompileTask:
C2:  18258 5625   !   4       java.net.URLClassLoader$1::run (63 bytes)


---------------  P R O C E S S  ---------------

Java Threads: ( => current thread )
  0x000000001edc4800 JavaThread "Cache worker for execution history cache (D:\MustafaElsayed\Projects\ConnectToSoapApiApp\.gradle\6.1.1\executionHistory)" [_thread_blocked, id=5840, stack(0x0000000023b90000,0x0000000023c90000)]
  0x000000001edbb000 JavaThread "File lock release action executor" [_thread_blocked, id=3820, stack(0x0000000022340000,0x0000000022440000)]
  0x000000001edc0000 JavaThread "Build operations Thread 4" [_thread_blocked, id=6072, stack(0x0000000021640000,0x0000000021740000)]
  0x000000001edbd000 JavaThread "Build operations Thread 3" [_thread_blocked, id=17368, stack(0x0000000021540000,0x0000000021640000)]
  0x000000001edba800 JavaThread "Build operations Thread 2" [_thread_blocked, id=16656, stack(0x0000000021440000,0x0000000021540000)]
  0x000000001edbe800 JavaThread "Build operations" [_thread_blocked, id=14816, stack(0x0000000021340000,0x0000000021440000)]
  0x000000001edb8000 JavaThread "Cache worker for Build Output Cleanup Cache (D:\MustafaElsayed\Projects\ConnectToSoapApiApp\.gradle\buildOutputCleanup)" [_thread_blocked, id=16488, stack(0x0000000020e40000,0x0000000020f40000)]
  0x000000001a804000 JavaThread "Cache worker for execution history cache (C:\Users\Mustafa\.gradle\caches\6.1.1\executionHistory)" [_thread_blocked, id=12680, stack(0x00000000202e0000,0x00000000203e0000)]
  0x000000001a807000 JavaThread "Cache worker for cache directory md-rule (C:\Users\Mustafa\.gradle\caches\6.1.1\md-rule)" [_thread_blocked, id=4416, stack(0x00000000201e0000,0x00000000202e0000)]
  0x000000001a803800 JavaThread "Cache worker for cache directory md-supplier (C:\Users\Mustafa\.gradle\caches\6.1.1\md-supplier)" [_thread_blocked, id=11812, stack(0x00000000200e0000,0x00000000201e0000)]
  0x000000001a802800 JavaThread "Cache worker for file hash cache (D:\MustafaElsayed\Projects\ConnectToSoapApiApp\.gradle\6.1.1\fileHashes)" [_thread_blocked, id=11644, stack(0x000000001e990000,0x000000001ea90000)]
  0x000000001a802000 JavaThread "Cache worker for checksums cache (D:\MustafaElsayed\Projects\ConnectToSoapApiApp\.gradle\checksums)" [_thread_blocked, id=13420, stack(0x000000001e890000,0x000000001e990000)]
  0x000000001a805800 JavaThread "Cache worker for file hash cache (C:\Users\Mustafa\.gradle\caches\6.1.1\fileHashes)" [_thread_blocked, id=8672, stack(0x000000001c7f0000,0x000000001c8f0000)]
  0x000000001a806800 JavaThread "File lock request listener" [_thread_in_native, id=3256, stack(0x000000001c6f0000,0x000000001c7f0000)]
  0x000000001a84e800 JavaThread "Cache worker for journal cache (C:\Users\Mustafa\.gradle\caches\journal-1)" [_thread_blocked, id=16820, stack(0x000000001c5f0000,0x000000001c6f0000)]
  0x000000001a66c800 JavaThread "Thread-9" [_thread_blocked, id=10848, stack(0x000000001c2f0000,0x000000001c3f0000)]
  0x000000001a64c800 JavaThread "Stdin handler" [_thread_blocked, id=16896, stack(0x000000001c1f0000,0x000000001c2f0000)]
  0x000000001a650800 JavaThread "Asynchronous log dispatcher for DefaultDaemonConnection: socket connection from /127.0.0.1:14423 to /127.0.0.1:14424" [_thread_blocked, id=16900, stack(0x000000001c0f0000,0x000000001c1f0000)]
  0x000000001a64e800 JavaThread "Daemon worker" [_thread_in_vm, id=12924, stack(0x000000001bff0000,0x000000001c0f0000)]
  0x000000001a645000 JavaThread "Cancel handler" [_thread_blocked, id=10944, stack(0x000000001bef0000,0x000000001bff0000)]
  0x000000001a582800 JavaThread "Handler for socket connection from /127.0.0.1:14423 to /127.0.0.1:14424" [_thread_in_native, id=3952, stack(0x000000001bbf0000,0x000000001bcf0000)]
  0x000000001a562800 JavaThread "Daemon" [_thread_blocked, id=16812, stack(0x000000001baf0000,0x000000001bbf0000)]
  0x000000001a553800 JavaThread "Daemon periodic checks" [_thread_blocked, id=17180, stack(0x000000001b9f0000,0x000000001baf0000)]
  0x000000001a551800 JavaThread "Incoming local TCP Connector on port 14423" [_thread_in_native, id=11868, stack(0x000000001b7b0000,0x000000001b8b0000)]
  0x000000001a4c1800 JavaThread "Daemon health stats" [_thread_blocked, id=14220, stack(0x000000001b170000,0x000000001b270000)]
  0x00000000183f5000 JavaThread "Service Thread" daemon [_thread_blocked, id=12244, stack(0x00000000187d0000,0x00000000188d0000)]
  0x0000000016a89000 JavaThread "C1 CompilerThread2" daemon [_thread_blocked, id=8656, stack(0x00000000182d0000,0x00000000183d0000)]
=>0x0000000016a79000 JavaThread "C2 CompilerThread1" daemon [_thread_in_native, id=8444, stack(0x00000000181d0000,0x00000000182d0000)]
  0x0000000016a75000 JavaThread "C2 CompilerThread0" daemon [_thread_in_native, id=5332, stack(0x00000000180d0000,0x00000000181d0000)]
  0x0000000016a71800 JavaThread "Attach Listener" daemon [_thread_blocked, id=4624, stack(0x0000000017fd0000,0x00000000180d0000)]
  0x0000000016a70000 JavaThread "Signal Dispatcher" daemon [_thread_blocked, id=13044, stack(0x0000000017ed0000,0x0000000017fd0000)]
  0x00000000030fb000 JavaThread "Finalizer" daemon [_thread_blocked, id=11912, stack(0x0000000017cd0000,0x0000000017dd0000)]
  0x0000000016a59000 JavaThread "Reference Handler" daemon [_thread_blocked, id=13060, stack(0x0000000017bd0000,0x0000000017cd0000)]
  0x0000000002f6e000 JavaThread "main" [_thread_blocked, id=6992, stack(0x0000000002e50000,0x0000000002f50000)]

Other Threads:
  0x0000000016a36000 VMThread [stack: 0x0000000017ad0000,0x0000000017bd0000] [id=15020]
  0x00000000183fd800 WatcherThread [stack: 0x00000000188d0000,0x00000000189d0000] [id=2112]

VM state:not at safepoint (normal execution)

VM Mutex/Monitor currently owned by a thread: None

heap address: 0x00000000a0000000, size: 1536 MB, Compressed Oops mode: 32-bit
Narrow klass base: 0x0000000000000000, Narrow klass shift: 3
Compressed class space size: 1073741824 Address: 0x0000000100000000

Heap:
 PSYoungGen      total 395776K, used 50259K [0x00000000e0000000, 0x00000000f9f80000, 0x0000000100000000)
  eden space 375296K, 13% used [0x00000000e0000000,0x00000000e3114d38,0x00000000f6e80000)
  from space 20480K, 0% used [0x00000000f8b80000,0x00000000f8b80000,0x00000000f9f80000)
  to   space 23552K, 0% used [0x00000000f7180000,0x00000000f7180000,0x00000000f8880000)
 ParOldGen       total 165888K, used 34024K [0x00000000a0000000, 0x00000000aa200000, 0x00000000e0000000)
  object space 165888K, 20% used [0x00000000a0000000,0x00000000a213a3f8,0x00000000aa200000)
 Metaspace       used 59248K, capacity 61456K, committed 61736K, reserved 1101824K
  class space    used 8117K, capacity 8670K, committed 8744K, reserved 1048576K

Card table byte_map: [0x00000000124c0000,0x00000000127d0000] byte_map_base: 0x0000000011fc0000

Marking Bits: (ParMarkBitMap*) 0x000000006b4df030
 Begin Bits: [0x0000000012dd0000, 0x00000000145d0000)
 End Bits:   [0x00000000145d0000, 0x0000000015dd0000)

Polling page: 0x0000000001200000

CodeCache: size=245760Kb used=17006Kb max_used=17078Kb free=228753Kb
 bounds [0x0000000003100000, 0x00000000041e0000, 0x0000000012100000]
 total_blobs=5692 nmethods=4902 adapters=703
 compilation: enabled

Compilation events (10 events):
Event: 17.861 Thread 0x0000000016a75000 nmethod 5613 0x00000000033d33d0 code [0x00000000033d3520, 0x00000000033d35a8]
Event: 17.877 Thread 0x0000000016a75000 5622   !   4       sun.misc.URLClassPath$JarLoader::getResource (85 bytes)
Event: 17.886 Thread 0x0000000016a79000 nmethod 5609% 0x00000000038ed6d0 code [0x00000000038ed8c0, 0x00000000038ee730]
Event: 17.887 Thread 0x0000000016a79000 5623       4       java.util.jar.JarFile::maybeInstantiateVerifier (96 bytes)
Event: 17.894 Thread 0x0000000016a75000 nmethod 5622 0x00000000038975d0 code [0x00000000038977e0, 0x00000000038980e0]
Event: 17.914 Thread 0x0000000016a75000 5624   !   4       java.net.URL::<init> (543 bytes)
Event: 17.934 Thread 0x0000000016a79000 nmethod 5623 0x00000000041cd750 code [0x00000000041cdaa0, 0x00000000041cf3c8]
Event: 17.938 Thread 0x0000000016a79000 5625   !   4       java.net.URLClassLoader$1::run (63 bytes)
Event: 18.095 Thread 0x0000000016a75000 nmethod 5624 0x00000000041d79d0 code [0x00000000041d7d80, 0x00000000041dbba0]
Event: 18.112 Thread 0x0000000016a75000 5626       4       java.net.URLClassLoader$1::run (5 bytes)

GC Heap History (10 events):
Event: 9.561 GC heap before
{Heap before GC invocations=7 (full 1):
 PSYoungGen      total 140800K, used 55595K [0x00000000e0000000, 0x00000000f0200000, 0x0000000100000000)
  eden space 130048K, 34% used [0x00000000e0000000,0x00000000e2bcea50,0x00000000e7f00000)
  from space 10752K, 99% used [0x00000000e7f00000,0x00000000e897c498,0x00000000e8980000)
  to   space 15360K, 0% used [0x00000000ef300000,0x00000000ef300000,0x00000000f0200000)
 ParOldGen       total 84992K, used 9723K [0x00000000a0000000, 0x00000000a5300000, 0x00000000e0000000)
  object space 84992K, 11% used [0x00000000a0000000,0x00000000a097eed8,0x00000000a5300000)
 Metaspace       used 34453K, capacity 35394K, committed 35496K, reserved 1079296K
  class space    used 4686K, capacity 4944K, committed 5032K, reserved 1048576K
Event: 9.578 GC heap after
Heap after GC invocations=7 (full 1):
 PSYoungGen      total 238592K, used 9670K [0x00000000e0000000, 0x00000000efc80000, 0x0000000100000000)
  eden space 228864K, 0% used [0x00000000e0000000,0x00000000e0000000,0x00000000edf80000)
  from space 9728K, 99% used [0x00000000ef300000,0x00000000efc71ac8,0x00000000efc80000)
  to   space 14336K, 0% used [0x00000000ee080000,0x00000000ee080000,0x00000000eee80000)
 ParOldGen       total 84992K, used 9731K [0x00000000a0000000, 0x00000000a5300000, 0x00000000e0000000)
  object space 84992K, 11% used [0x00000000a0000000,0x00000000a0980ed8,0x00000000a5300000)
 Metaspace       used 34453K, capacity 35394K, committed 35496K, reserved 1079296K
  class space    used 4686K, capacity 4944K, committed 5032K, reserved 1048576K
}
Event: 9.578 GC heap before
{Heap before GC invocations=8 (full 2):
 PSYoungGen      total 238592K, used 9670K [0x00000000e0000000, 0x00000000efc80000, 0x0000000100000000)
  eden space 228864K, 0% used [0x00000000e0000000,0x00000000e0000000,0x00000000edf80000)
  from space 9728K, 99% used [0x00000000ef300000,0x00000000efc71ac8,0x00000000efc80000)
  to   space 14336K, 0% used [0x00000000ee080000,0x00000000ee080000,0x00000000eee80000)
 ParOldGen       total 84992K, used 9731K [0x00000000a0000000, 0x00000000a5300000, 0x00000000e0000000)
  object space 84992K, 11% used [0x00000000a0000000,0x00000000a0980ed8,0x00000000a5300000)
 Metaspace       used 34453K, capacity 35394K, committed 35496K, reserved 1079296K
  class space    used 4686K, capacity 4944K, committed 5032K, reserved 1048576K
Event: 9.681 GC heap after
Heap after GC invocations=8 (full 2):
 PSYoungGen      total 238592K, used 0K [0x00000000e0000000, 0x00000000efc80000, 0x0000000100000000)
  eden space 228864K, 0% used [0x00000000e0000000,0x00000000e0000000,0x00000000edf80000)
  from space 9728K, 0% used [0x00000000ef300000,0x00000000ef300000,0x00000000efc80000)
  to   space 14336K, 0% used [0x00000000ee080000,0x00000000ee080000,0x00000000eee80000)
 ParOldGen       total 116224K, used 16645K [0x00000000a0000000, 0x00000000a7180000, 0x00000000e0000000)
  object space 116224K, 14% used [0x00000000a0000000,0x00000000a1041458,0x00000000a7180000)
 Metaspace       used 34453K, capacity 35394K, committed 35496K, reserved 1079296K
  class space    used 4686K, capacity 4944K, committed 5032K, reserved 1048576K
}
Event: 14.381 GC heap before
{Heap before GC invocations=9 (full 2):
 PSYoungGen      total 238592K, used 228864K [0x00000000e0000000, 0x00000000efc80000, 0x0000000100000000)
  eden space 228864K, 100% used [0x00000000e0000000,0x00000000edf80000,0x00000000edf80000)
  from space 9728K, 0% used [0x00000000ef300000,0x00000000ef300000,0x00000000efc80000)
  to   space 14336K, 0% used [0x00000000ee080000,0x00000000ee080000,0x00000000eee80000)
 ParOldGen       total 116224K, used 16645K [0x00000000a0000000, 0x00000000a7180000, 0x00000000e0000000)
  object space 116224K, 14% used [0x00000000a0000000,0x00000000a1041458,0x00000000a7180000)
 Metaspace       used 50506K, capacity 52312K, committed 52648K, reserved 1095680K
  class space    used 6773K, capacity 7228K, committed 7336K, reserved 1048576K
Event: 14.430 GC heap after
Heap after GC invocations=9 (full 2):
 PSYoungGen      total 244224K, used 14310K [0x00000000e0000000, 0x00000000fa000000, 0x0000000100000000)
  eden space 229888K, 0% used [0x00000000e0000000,0x00000000e0000000,0x00000000ee080000)
  from space 14336K, 99% used [0x00000000ee080000,0x00000000eee79ae8,0x00000000eee80000)
  to   space 20992K, 0% used [0x00000000f8b80000,0x00000000f8b80000,0x00000000fa000000)
 ParOldGen       total 116224K, used 25987K [0x00000000a0000000, 0x00000000a7180000, 0x00000000e0000000)
  object space 116224K, 22% used [0x00000000a0000000,0x00000000a1960cb0,0x00000000a7180000)
 Metaspace       used 50506K, capacity 52312K, committed 52648K, reserved 1095680K
  class space    used 6773K, capacity 7228K, committed 7336K, reserved 1048576K
}
Event: 16.542 GC heap before
{Heap before GC invocations=10 (full 2):
 PSYoungGen      total 244224K, used 94317K [0x00000000e0000000, 0x00000000fa000000, 0x0000000100000000)
  eden space 229888K, 34% used [0x00000000e0000000,0x00000000e4e21a10,0x00000000ee080000)
  from space 14336K, 99% used [0x00000000ee080000,0x00000000eee79ae8,0x00000000eee80000)
  to   space 20992K, 0% used [0x00000000f8b80000,0x00000000f8b80000,0x00000000fa000000)
 ParOldGen       total 116224K, used 25987K [0x00000000a0000000, 0x00000000a7180000, 0x00000000e0000000)
  object space 116224K, 22% used [0x00000000a0000000,0x00000000a1960cb0,0x00000000a7180000)
 Metaspace       used 56916K, capacity 59088K, committed 59160K, reserved 1099776K
  class space    used 7785K, capacity 8290K, committed 8360K, reserved 1048576K
Event: 16.567 GC heap after
Heap after GC invocations=10 (full 2):
 PSYoungGen      total 395776K, used 20347K [0x00000000e0000000, 0x00000000f9f80000, 0x0000000100000000)
  eden space 375296K, 0% used [0x00000000e0000000,0x00000000e0000000,0x00000000f6e80000)
  from space 20480K, 99% used [0x00000000f8b80000,0x00000000f9f5ecd8,0x00000000f9f80000)
  to   space 23552K, 0% used [0x00000000f7180000,0x00000000f7180000,0x00000000f8880000)
 ParOldGen       total 116224K, used 25995K [0x00000000a0000000, 0x00000000a7180000, 0x00000000e0000000)
  object space 116224K, 22% used [0x00000000a0000000,0x00000000a1962cb0,0x00000000a7180000)
 Metaspace       used 56916K, capacity 59088K, committed 59160K, reserved 1099776K
  class space    used 7785K, capacity 8290K, committed 8360K, reserved 1048576K
}
Event: 16.567 GC heap before
{Heap before GC invocations=11 (full 3):
 PSYoungGen      total 395776K, used 20347K [0x00000000e0000000, 0x00000000f9f80000, 0x0000000100000000)
  eden space 375296K, 0% used [0x00000000e0000000,0x00000000e0000000,0x00000000f6e80000)
  from space 20480K, 99% used [0x00000000f8b80000,0x00000000f9f5ecd8,0x00000000f9f80000)
  to   space 23552K, 0% used [0x00000000f7180000,0x00000000f7180000,0x00000000f8880000)
 ParOldGen       total 116224K, used 25995K [0x00000000a0000000, 0x00000000a7180000, 0x00000000e0000000)
  object space 116224K, 22% used [0x00000000a0000000,0x00000000a1962cb0,0x00000000a7180000)
 Metaspace       used 56916K, capacity 59088K, committed 59160K, reserved 1099776K
  class space    used 7785K, capacity 8290K, committed 8360K, reserved 1048576K
Event: 16.978 GC heap after
Heap after GC invocations=11 (full 3):
 PSYoungGen      total 395776K, used 0K [0x00000000e0000000, 0x00000000f9f80000, 0x0000000100000000)
  eden space 375296K, 0% used [0x00000000e0000000,0x00000000e0000000,0x00000000f6e80000)
  from space 20480K, 0% used [0x00000000f8b80000,0x00000000f8b80000,0x00000000f9f80000)
  to   space 23552K, 0% used [0x00000000f7180000,0x00000000f7180000,0x00000000f8880000)
 ParOldGen       total 165888K, used 34024K [0x00000000a0000000, 0x00000000aa200000, 0x00000000e0000000)
  object space 165888K, 20% used [0x00000000a0000000,0x00000000a213a3f8,0x00000000aa200000)
 Metaspace       used 56910K, capacity 59070K, committed 59160K, reserved 1099776K
  class space    used 7784K, capacity 8287K, committed 8360K, reserved 1048576K
}

Deoptimization events (10 events):
Event: 17.539 Thread 0x000000001a64e800 Uncommon trap: reason=unstable_if action=reinterpret pc=0x0000000003b2eb98 method=sun.nio.fs.WindowsPathParser.isSlash(C)Z @ 9
Event: 17.650 Thread 0x000000001a64e800 Uncommon trap: reason=speculate_class_check action=maybe_recompile pc=0x0000000003db3aa4 method=java.util.HashMap.putVal(ILjava/lang/Object;Ljava/lang/Object;ZZ)Ljava/lang/Object; @ 152
Event: 17.650 Thread 0x000000001a64e800 Uncommon trap: reason=speculate_class_check action=maybe_recompile pc=0x0000000003db3aa4 method=java.util.HashMap.putVal(ILjava/lang/Object;Ljava/lang/Object;ZZ)Ljava/lang/Object; @ 152
Event: 17.684 Thread 0x000000001a64e800 Uncommon trap: reason=unstable_if action=reinterpret pc=0x0000000003510df0 method=java.lang.String.regionMatches(ZILjava/lang/String;II)Z @ 123
Event: 17.684 Thread 0x000000001a64e800 Uncommon trap: reason=unstable_if action=reinterpret pc=0x0000000003f5fe08 method=java.lang.String.regionMatches(ZILjava/lang/String;II)Z @ 123
Event: 17.686 Thread 0x000000001a64e800 Uncommon trap: reason=null_check action=make_not_entrant pc=0x0000000003f78460 method=java.net.URL.getURLStreamHandler(Ljava/lang/String;)Ljava/net/URLStreamHandler; @ 7
Event: 17.687 Thread 0x000000001a64e800 Uncommon trap: reason=unstable_if action=reinterpret pc=0x0000000003acde80 method=sun.net.util.IPAddressUtil.scan(Ljava/lang/String;JJ[C)I @ 14
Event: 17.770 Thread 0x000000001a64e800 Uncommon trap: reason=unstable_if action=reinterpret pc=0x000000000410dbe8 method=java.io.BufferedReader.readLine(Z)Ljava/lang/String; @ 192
Event: 17.793 Thread 0x000000001a64e800 Uncommon trap: reason=unstable_if action=reinterpret pc=0x0000000003b1e10c method=java.util.concurrent.ConcurrentHashMap.putVal(Ljava/lang/Object;Ljava/lang/Object;Z)Ljava/lang/Object; @ 331
Event: 17.802 Thread 0x000000001a64e800 Uncommon trap: reason=unstable_if action=reinterpret pc=0x00000000036322fc method=java.util.concurrent.ConcurrentHashMap.transfer([Ljava/util/concurrent/ConcurrentHashMap$Node;[Ljava/util/concurrent/ConcurrentHashMap$Node;)V @ 356

Classes redefined (0 events):
No events

Internal exceptions (10 events):
Event: 17.267 Thread 0x000000001a64e800 Exception <a 'java/lang/NoSuchMethodError': <clinit>> (0x00000000e1592d10) thrown at [C:\src\AOSP-openjdk-git\hotspot\src\share\vm\prims\jni.cpp, line 1615]
Event: 17.276 Thread 0x000000001a64e800 Exception <a 'java/lang/NoSuchMethodError': <clinit>> (0x00000000e1684658) thrown at [C:\src\AOSP-openjdk-git\hotspot\src\share\vm\prims\jni.cpp, line 1615]
Event: 17.279 Thread 0x000000001a64e800 Exception <a 'java/lang/ClassNotFoundException': org/jetbrains/plugins/gradle/tooling/util/SourceSetCachedFinder$1BeanInfo> (0x00000000e16c8408) thrown at [C:\src\AOSP-openjdk-git\hotspot\src\share\vm\classfile\systemDictionary.cpp, line 210]
Event: 17.280 Thread 0x000000001a64e800 Exception <a 'java/lang/ClassNotFoundException': org/jetbrains/plugins/gradle/tooling/util/SourceSetCachedFinder$1Customizer> (0x00000000e16dd980) thrown at [C:\src\AOSP-openjdk-git\hotspot\src\share\vm\classfile\systemDictionary.cpp, line 210]
Event: 17.283 Thread 0x000000001a64e800 Exception <a 'java/lang/ClassNotFoundException': org/jetbrains/plugins/gradle/tooling/util/SourceSetCachedFinder$2BeanInfo> (0x00000000e1724720) thrown at [C:\src\AOSP-openjdk-git\hotspot\src\share\vm\classfile\systemDictionary.cpp, line 210]
Event: 17.284 Thread 0x000000001a64e800 Exception <a 'java/lang/ClassNotFoundException': org/jetbrains/plugins/gradle/tooling/util/SourceSetCachedFinder$2Customizer> (0x00000000e1739c98) thrown at [C:\src\AOSP-openjdk-git\hotspot\src\share\vm\classfile\systemDictionary.cpp, line 210]
Event: 17.286 Thread 0x000000001a64e800 Exception <a 'java/lang/ClassNotFoundException': org/jetbrains/plugins/gradle/tooling/util/SourceSetCachedFinderBeanInfo> (0x00000000e177b130) thrown at [C:\src\AOSP-openjdk-git\hotspot\src\share\vm\classfile\systemDictionary.cpp, line 210]
Event: 17.287 Thread 0x000000001a64e800 Exception <a 'java/lang/ClassNotFoundException': org/jetbrains/plugins/gradle/tooling/util/SourceSetCachedFinderCustomizer> (0x00000000e178fc28) thrown at [C:\src\AOSP-openjdk-git\hotspot\src\share\vm\classfile\systemDictionary.cpp, line 210]
Event: 17.289 Thread 0x000000001a64e800 Exception <a 'java/lang/ClassNotFoundException': org/jetbrains/plugins/gradle/tooling/util/SourceSetCachedFinder$ArtifactsMapBeanInfo> (0x00000000e17d2d78) thrown at [C:\src\AOSP-openjdk-git\hotspot\src\share\vm\classfile\systemDictionary.cpp, line 210]
Event: 17.290 Thread 0x000000001a64e800 Exception <a 'java/lang/ClassNotFoundException': org/jetbrains/plugins/gradle/tooling/util/SourceSetCachedFinder$ArtifactsMapCustomizer> (0x00000000e17e9d68) thrown at [C:\src\AOSP-openjdk-git\hotspot\src\share\vm\classfile\systemDictionary.cpp, line 210]

Events (10 events):
Event: 18.109 loading class org/apache/http/cookie/CookieIdentityComparator
Event: 18.109 loading class org/apache/http/cookie/CookieIdentityComparator done
Event: 18.110 loading class org/apache/http/impl/client/HttpClientBuilder$2
Event: 18.110 loading class org/apache/http/impl/client/HttpClientBuilder$2 done
Event: 18.110 loading class org/apache/http/client/ClientProtocolException
Event: 18.110 loading class org/apache/http/client/ClientProtocolException done
Event: 18.111 loading class org/apache/http/conn/ClientConnectionManager
Event: 18.111 loading class org/apache/http/conn/ClientConnectionManager done
Event: 18.112 loading class org/apache/http/client/utils/URIUtils
Event: 18.112 loading class org/apache/http/client/utils/URIUtils done


Dynamic libraries:
0x00007ff69bdb0000 - 0x00007ff69bde1000 	C:\Program Files\Android\Android Studio\jre\bin\java.exe
0x00007ff819370000 - 0x00007ff819566000 	C:\Windows\SYSTEM32\ntdll.dll
0x00007ff818ef0000 - 0x00007ff818fad000 	C:\Windows\System32\KERNEL32.DLL
0x00007ff816b30000 - 0x00007ff816df8000 	C:\Windows\System32\KERNELBASE.dll
0x00007ff818900000 - 0x00007ff8189aa000 	C:\Windows\System32\ADVAPI32.dll
0x00007ff817420000 - 0x00007ff8174be000 	C:\Windows\System32\msvcrt.dll
0x00007ff8183b0000 - 0x00007ff81844b000 	C:\Windows\System32\sechost.dll
0x00007ff819140000 - 0x00007ff819264000 	C:\Windows\System32\RPCRT4.dll
0x00007ff818600000 - 0x00007ff8187a0000 	C:\Windows\System32\USER32.dll
0x00007ff817200000 - 0x00007ff817222000 	C:\Windows\System32\win32u.dll
0x00007ff818b60000 - 0x00007ff818b8a000 	C:\Windows\System32\GDI32.dll
0x00007ff816e00000 - 0x00007ff816f09000 	C:\Windows\System32\gdi32full.dll
0x00007ff816a90000 - 0x00007ff816b2d000 	C:\Windows\System32\msvcp_win.dll
0x00007ff817230000 - 0x00007ff817330000 	C:\Windows\System32\ucrtbase.dll
0x00007ff805090000 - 0x00007ff80532b000 	C:\Windows\WinSxS\amd64_microsoft.windows.common-controls_6595b64144ccf1df_6.0.19041.488_none_ca04af081b815d21\COMCTL32.dll
0x00007ff8188d0000 - 0x00007ff818900000 	C:\Windows\System32\IMM32.DLL
0x000000006ab80000 - 0x000000006ac52000 	C:\Program Files\Android\Android Studio\jre\jre\bin\msvcr100.dll
0x000000006ad10000 - 0x000000006b55b000 	C:\Program Files\Android\Android Studio\jre\jre\bin\server\jvm.dll
0x00007ff817410000 - 0x00007ff817418000 	C:\Windows\System32\PSAPI.DLL
0x00007ff800000000 - 0x00007ff800009000 	C:\Windows\SYSTEM32\WSOCK32.dll
0x00007ff807e00000 - 0x00007ff807e27000 	C:\Windows\SYSTEM32\WINMM.dll
0x00007ff8187a0000 - 0x00007ff81880b000 	C:\Windows\System32\WS2_32.dll
0x00007ff80ff10000 - 0x00007ff80ff1a000 	C:\Windows\SYSTEM32\VERSION.dll
0x00007ff811c80000 - 0x00007ff811c8f000 	C:\Program Files\Android\Android Studio\jre\jre\bin\verify.dll
0x00007ff8055c0000 - 0x00007ff8055e9000 	C:\Program Files\Android\Android Studio\jre\jre\bin\java.dll
0x00007ff811400000 - 0x00007ff811416000 	C:\Program Files\Android\Android Studio\jre\jre\bin\zip.dll
0x00007ff8174c0000 - 0x00007ff817c00000 	C:\Windows\System32\SHELL32.dll
0x00007ff814810000 - 0x00007ff814fa4000 	C:\Windows\SYSTEM32\windows.storage.dll
0x00007ff818b90000 - 0x00007ff818ee5000 	C:\Windows\System32\combase.dll
0x00007ff816500000 - 0x00007ff81652c000 	C:\Windows\SYSTEM32\Wldp.dll
0x00007ff818810000 - 0x00007ff8188be000 	C:\Windows\System32\SHCORE.dll
0x00007ff818fb0000 - 0x00007ff819005000 	C:\Windows\System32\shlwapi.dll
0x00007ff8169c0000 - 0x00007ff8169e6000 	C:\Windows\SYSTEM32\profapi.dll
0x00007ff8055a0000 - 0x00007ff8055ba000 	C:\Program Files\Android\Android Studio\jre\jre\bin\net.dll
0x00007ff816280000 - 0x00007ff8162ea000 	C:\Windows\system32\mswsock.dll
0x00007ff8053f0000 - 0x00007ff805403000 	C:\Program Files\Android\Android Studio\jre\jre\bin\nio.dll
0x00007fffffc10000 - 0x00007fffffc36000 	C:\Users\Mustafa\.gradle\native\31\windows-amd64\native-platform.dll
0x00007ff810ac0000 - 0x00007ff810acd000 	C:\Program Files\Android\Android Studio\jre\jre\bin\management.dll
0x00007ff816450000 - 0x00007ff816468000 	C:\Windows\SYSTEM32\CRYPTSP.dll
0x00007ff815ba0000 - 0x00007ff815bd4000 	C:\Windows\system32\rsaenh.dll
0x00007ff816f60000 - 0x00007ff816f87000 	C:\Windows\System32\bcrypt.dll
0x00007ff816940000 - 0x00007ff81696e000 	C:\Windows\SYSTEM32\USERENV.dll
0x00007ff817330000 - 0x00007ff8173af000 	C:\Windows\System32\bcryptprimitives.dll
0x00007ff816470000 - 0x00007ff81647c000 	C:\Windows\SYSTEM32\CRYPTBASE.dll
0x00007ff815f20000 - 0x00007ff815f5b000 	C:\Windows\SYSTEM32\IPHLPAPI.DLL
0x00007ff8188c0000 - 0x00007ff8188c9000 	C:\Windows\System32\NSI.dll
0x00007ff80e5e0000 - 0x00007ff80e5f7000 	C:\Windows\SYSTEM32\dhcpcsvc6.DLL
0x00007ff80e5c0000 - 0x00007ff80e5dd000 	C:\Windows\SYSTEM32\dhcpcsvc.DLL
0x00007ff815f60000 - 0x00007ff81602b000 	C:\Windows\SYSTEM32\DNSAPI.dll
0x00007fffff8e0000 - 0x00007fffff904000 	C:\Program Files\Android\Android Studio\jre\jre\bin\sunec.dll

VM Arguments:
jvm_args: -Xmx1536m -Dfile.encoding=windows-1252 -Duser.country=US -Duser.language=en -Duser.variant 
java_command: org.gradle.launcher.daemon.bootstrap.GradleDaemon 6.1.1
java_class_path (initial): C:\Users\Mustafa\.gradle\wrapper\dists\gradle-6.1.1-all\cfmwm155h49vnt3hynmlrsdst\gradle-6.1.1\lib\gradle-launcher-6.1.1.jar
Launcher Type: SUN_STANDARD

Environment Variables:
PATH=C:\Windows\system32;C:\Windows;C:\Windows\System32\Wbem;C:\Windows\System32\WindowsPowerShell\v1.0\;C:\Windows\System32\OpenSSH\;C:\Program Files\Git\cmd;C:\Users\Mustafa\AppData\Local\Microsoft\WindowsApps;D:\Sdk\platform-tools;
USERNAME=Mustafa
OS=Windows_NT
PROCESSOR_IDENTIFIER=Intel64 Family 6 Model 142 Stepping 9, GenuineIntel



---------------  S Y S T E M  ---------------

OS: Windows 10.0 , 64 bit Build 19041 (10.0.19041.546)

CPU:total 4 (initial active 4) (2 cores per cpu, 2 threads per core) family 6 model 142 stepping 9, cmov, cx8, fxsr, mmx, sse, sse2, sse3, ssse3, sse4.1, sse4.2, popcnt, avx, avx2, aes, clmul, erms, 3dnowpref, lzcnt, ht, tsc, tscinvbit, bmi1, bmi2, adx

Memory: 4k page, physical 16543328k(2519748k free), swap 35671908k(5236k free)

vm_info: OpenJDK 64-Bit Server VM (25.242-b01) for windows-amd64 JRE (1.8.0_242-release-1644-b01), built by "builder" with MS VC++ 10.0 (VS2010)

time: Mon Nov 02 11:18:55 2020
timezone: Egypt Standard Time
elapsed time: 18 seconds (0d 0h 0m 18s)

