#
# There is insufficient memory for the Java Runtime Environment to continue.
# Native memory allocation (malloc) failed to allocate 1444736 bytes for Chunk::new
# Possible reasons:
#   The system is out of physical RAM or swap space
#   The process is running with CompressedOops enabled, and the Java Heap may be blocking the growth of the native heap
# Possible solutions:
#   Reduce memory load on the system
#   Increase physical memory or swap space
#   Check if swap backing store is full
#   Decrease Java heap size (-Xmx/-Xms)
#   Decrease number of Java threads
#   Decrease Java thread stack sizes (-Xss)
#   Set larger code cache with -XX:ReservedCodeCacheSize=
#   JVM is running with Unscaled Compressed Oops mode in which the Java heap is
#     placed in the first 4GB address space. The Java Heap base address is the
#     maximum limit for the native heap growth. Please use -XX:HeapBaseMinAddress
#     to set the Java Heap base and to place the Java Heap above 4GB virtual address.
# This output file may be truncated or incomplete.
#
#  Out of Memory Error (allocation.cpp:389), pid=16352, tid=0x00000000000025f8
#
# JRE version: OpenJDK Runtime Environment (8.0_242-b01) (build 1.8.0_242-release-1644-b01)
# Java VM: OpenJDK 64-Bit Server VM (25.242-b01 mixed mode windows-amd64 compressed oops)
# Failed to write core dump. Minidumps are not enabled by default on client versions of Windows
#

---------------  T H R E A D  ---------------

Current thread (0x0000000015bf9000):  JavaThread "C2 CompilerThread1" daemon [_thread_in_native, id=9720, stack(0x0000000017370000,0x0000000017470000)]

Stack: [0x0000000017370000,0x0000000017470000]
[error occurred during error reporting (printing stack bounds), id 0xc0000005]

Native frames: (J=compiled Java code, j=interpreted, Vv=VM code, C=native code)


Current CompileTask:
C2: 805200 20191 %     4       com.android.tools.r8.ir.regalloc.a::a @ 2151 (3993 bytes)


---------------  P R O C E S S  ---------------

Java Threads: ( => current thread )
  0x0000000020832800 JavaThread "WorkerExecutor Queue Thread 5" [_thread_blocked, id=14528, stack(0x00000000280c0000,0x00000000281c0000)]
  0x0000000020839000 JavaThread "WorkerExecutor Queue Thread 4" [_thread_blocked, id=8168, stack(0x0000000027dc0000,0x0000000027ec0000)]
  0x0000000020838000 JavaThread "WorkerExecutor Queue Thread 3" [_thread_blocked, id=3552, stack(0x0000000027cc0000,0x0000000027dc0000)]
  0x0000000020831000 JavaThread "WorkerExecutor Queue Thread 2" [_thread_blocked, id=7224, stack(0x0000000027bc0000,0x0000000027cc0000)]
  0x000000001bcb8800 JavaThread "stdout" [_thread_in_native, id=16008, stack(0x0000000027ac0000,0x0000000027bc0000)]
  0x000000001bcb6000 JavaThread "stderr" [_thread_in_native, id=11184, stack(0x00000000279c0000,0x0000000027ac0000)]
  0x000000001bcb5800 JavaThread "stdout" [_thread_in_native, id=15020, stack(0x00000000278c0000,0x00000000279c0000)]
  0x000000001bcb7000 JavaThread "stderr" [_thread_in_native, id=12340, stack(0x00000000277c0000,0x00000000278c0000)]
  0x000000001bcb9000 JavaThread "stdout" [_thread_in_native, id=2272, stack(0x00000000276c0000,0x00000000277c0000)]
  0x000000001bcba800 JavaThread "stderr" [_thread_in_native, id=9264, stack(0x00000000275c0000,0x00000000276c0000)]
  0x000000001bcba000 JavaThread "stdout" [_thread_in_native, id=16464, stack(0x00000000270b0000,0x00000000271b0000)]
  0x000000001bcae000 JavaThread "stderr" [_thread_in_native, id=14932, stack(0x0000000026fb0000,0x00000000270b0000)]
  0x000000001bcb4800 JavaThread "pool-4-thread-1" [_thread_blocked, id=12600, stack(0x0000000000620000,0x0000000000720000)]
  0x000000001bcb1000 JavaThread "Cache worker for execution history cache (D:\MustafaElsayed\Projects\ConnectToSoapApiApp\.gradle\6.1.1\executionHistory)" [_thread_blocked, id=13060, stack(0x0000000026ab0000,0x0000000026bb0000)]
  0x000000001bcb1800 JavaThread "Execution worker for ':' Thread 3" [_thread_blocked, id=6468, stack(0x00000000269b0000,0x0000000026ab0000)]
  0x000000001bcac800 JavaThread "Execution worker for ':' Thread 2" [_thread_blocked, id=5332, stack(0x00000000268b0000,0x00000000269b0000)]
  0x000000001bcae800 JavaThread "Execution worker for ':'" [_thread_blocked, id=8444, stack(0x00000000267b0000,0x00000000268b0000)]
  0x0000000018c1c800 JavaThread "Cache worker for file content cache (D:\MustafaElsayed\Projects\ConnectToSoapApiApp\.gradle\6.1.1\fileContent)" [_thread_blocked, id=1596, stack(0x00000000263b0000,0x00000000264b0000)]
  0x0000000018c1e000 JavaThread "Cache worker for file content cache (C:\Users\Mustafa\.gradle\caches\6.1.1\fileContent)" [_thread_blocked, id=11912, stack(0x0000000025fd0000,0x00000000260d0000)]
  0x0000000018c1d000 JavaThread "Memory manager" [_thread_blocked, id=17144, stack(0x0000000025ed0000,0x0000000025fd0000)]
  0x000000001779c000 JavaThread "Cache worker for Build Output Cleanup Cache (D:\MustafaElsayed\Projects\ConnectToSoapApiApp\.gradle\buildOutputCleanup)" [_thread_blocked, id=15616, stack(0x000000001fd00000,0x000000001fe00000)]
  0x000000001779b800 JavaThread "Build operations Thread 4" [_thread_blocked, id=16992, stack(0x00000000257d0000,0x00000000258d0000)]
  0x000000001779f800 JavaThread "Build operations Thread 3" [_thread_blocked, id=2936, stack(0x0000000022820000,0x0000000022920000)]
  0x00000000177a1000 JavaThread "Build operations Thread 2" [_thread_blocked, id=10180, stack(0x0000000022480000,0x0000000022580000)]
  0x00000000177a2800 JavaThread "Build operations" [_thread_blocked, id=2700, stack(0x00000000212a0000,0x00000000213a0000)]
  0x0000000017794000 JavaThread "Cache worker for cache directory md-rule (C:\Users\Mustafa\.gradle\caches\6.1.1\md-rule)" [_thread_blocked, id=12772, stack(0x000000001fc00000,0x000000001fd00000)]
  0x0000000017799000 JavaThread "Cache worker for cache directory md-supplier (C:\Users\Mustafa\.gradle\caches\6.1.1\md-supplier)" [_thread_blocked, id=5052, stack(0x000000001f500000,0x000000001f600000)]
  0x0000000017796000 JavaThread "Cache worker for file hash cache (D:\MustafaElsayed\Projects\ConnectToSoapApiApp\.gradle\6.1.1\fileHashes)" [_thread_blocked, id=16576, stack(0x000000001d510000,0x000000001d610000)]
  0x000000001c47b000 JavaThread "Cache worker for checksums cache (D:\MustafaElsayed\Projects\ConnectToSoapApiApp\.gradle\checksums)" [_thread_blocked, id=17384, stack(0x000000001d410000,0x000000001d510000)]
  0x000000001c47c800 JavaThread "Thread-36" [_thread_blocked, id=17108, stack(0x000000001d110000,0x000000001d210000)]
  0x000000001c47a000 JavaThread "Stdin handler" [_thread_blocked, id=16940, stack(0x000000001b4f0000,0x000000001b5f0000)]
  0x000000001c47b800 JavaThread "Asynchronous log dispatcher for DefaultDaemonConnection: socket connection from /127.0.0.1:14019 to /127.0.0.1:14389" [_thread_blocked, id=6436, stack(0x000000001b1f0000,0x000000001b2f0000)]
  0x000000001c479800 JavaThread "Daemon worker Thread 2" [_thread_blocked, id=10896, stack(0x000000001b0f0000,0x000000001b1f0000)]
  0x000000001c480000 JavaThread "Cancel handler" [_thread_blocked, id=5728, stack(0x000000001adf0000,0x000000001aef0000)]
  0x000000001c47f800 JavaThread "Handler for socket connection from /127.0.0.1:14019 to /127.0.0.1:14389" [_thread_in_native, id=5772, stack(0x000000001acf0000,0x000000001adf0000)]
  0x000000001c47e800 JavaThread "Daemon Thread 2" [_thread_blocked, id=1692, stack(0x0000000002080000,0x0000000002180000)]
  0x0000000018c1e800 JavaThread "Cache worker for execution history cache (C:\Users\Mustafa\.gradle\caches\6.1.1\executionHistory)" [_thread_blocked, id=14020, stack(0x000000001d610000,0x000000001d710000)]
  0x0000000018c1b800 JavaThread "Cache worker for file hash cache (C:\Users\Mustafa\.gradle\caches\6.1.1\fileHashes)" [_thread_blocked, id=15992, stack(0x000000001ce10000,0x000000001cf10000)]
  0x0000000018c22800 JavaThread "File lock request listener" [_thread_in_native, id=14536, stack(0x000000001b8f0000,0x000000001b9f0000)]
  0x0000000018e1c000 JavaThread "Cache worker for journal cache (C:\Users\Mustafa\.gradle\caches\journal-1)" [_thread_blocked, id=15976, stack(0x000000001b7f0000,0x000000001b8f0000)]
  0x0000000018fa5000 JavaThread "Daemon periodic checks" [_thread_blocked, id=15640, stack(0x000000001abf0000,0x000000001acf0000)]
  0x0000000018fa3800 JavaThread "Incoming local TCP Connector on port 14019" [_thread_in_native, id=14796, stack(0x0000000017c70000,0x0000000017d70000)]
  0x000000001988f800 JavaThread "Daemon health stats" [_thread_blocked, id=15460, stack(0x0000000017b70000,0x0000000017c70000)]
  0x0000000017591000 JavaThread "Service Thread" daemon [_thread_blocked, id=9632, stack(0x0000000017970000,0x0000000017a70000)]
  0x0000000015bfd000 JavaThread "C1 CompilerThread2" daemon [_thread_blocked, id=11940, stack(0x0000000017470000,0x0000000017570000)]
=>0x0000000015bf9000 JavaThread "C2 CompilerThread1" daemon [_thread_in_native, id=9720, stack(0x0000000017370000,0x0000000017470000)]
  0x0000000015bf2000 JavaThread "C2 CompilerThread0" daemon [_thread_in_native, id=4788, stack(0x0000000017270000,0x0000000017370000)]
  0x0000000015bf5800 JavaThread "Attach Listener" daemon [_thread_blocked, id=12072, stack(0x0000000017170000,0x0000000017270000)]
  0x0000000015bf4000 JavaThread "Signal Dispatcher" daemon [_thread_blocked, id=8732, stack(0x0000000017070000,0x0000000017170000)]
  0x0000000002275000 JavaThread "Finalizer" daemon [_thread_blocked, id=4348, stack(0x0000000016e70000,0x0000000016f70000)]
  0x0000000015bd9000 JavaThread "Reference Handler" daemon [_thread_blocked, id=10696, stack(0x0000000016d70000,0x0000000016e70000)]
  0x0000000001f1e000 JavaThread "main" [_thread_blocked, id=10616, stack(0x0000000001f80000,0x0000000002080000)]

Other Threads:
  0x0000000015bb6000 VMThread [stack: 0x0000000016c70000,0x0000000016d70000] [id=11544]
  0x0000000015c4c000 WatcherThread [stack: 0x0000000017a70000,0x0000000017b70000] [id=2704]

VM state:not at safepoint (normal execution)

VM Mutex/Monitor currently owned by a thread: None

heap address: 0x00000000a0000000, size: 1536 MB, Compressed Oops mode: 32-bit
Narrow klass base: 0x0000000000000000, Narrow klass shift: 3
Compressed class space size: 1073741824 Address: 0x0000000100000000

Heap:
 PSYoungGen      total 442880K, used 371688K [0x00000000e0000000, 0x00000000fde00000, 0x0000000100000000)
  eden space 396288K, 88% used [0x00000000e0000000,0x00000000f54a1bc0,0x00000000f8300000)
  from space 46592K, 49% used [0x00000000f8300000,0x00000000f9958498,0x00000000fb080000)
  to   space 46080K, 0% used [0x00000000fb100000,0x00000000fb100000,0x00000000fde00000)
 ParOldGen       total 292864K, used 77176K [0x00000000a0000000, 0x00000000b1e00000, 0x00000000e0000000)
  object space 292864K, 26% used [0x00000000a0000000,0x00000000a4b5e010,0x00000000b1e00000)
 Metaspace       used 116891K, capacity 122138K, committed 122280K, reserved 1155072K
  class space    used 15088K, capacity 16228K, committed 16304K, reserved 1048576K

Card table byte_map: [0x0000000011640000,0x0000000011950000] byte_map_base: 0x0000000011140000

Marking Bits: (ParMarkBitMap*) 0x000000006b4df030
 Begin Bits: [0x0000000011f50000, 0x0000000013750000)
 End Bits:   [0x0000000013750000, 0x0000000014f50000)

Polling page: 0x0000000001ec0000

CodeCache: size=245760Kb used=59100Kb max_used=60447Kb free=186659Kb
 bounds [0x0000000002280000, 0x0000000005dd0000, 0x0000000011280000]
 total_blobs=18134 nmethods=17206 adapters=837
 compilation: enabled

Compilation events (10 events):
Event: 805.045 Thread 0x0000000015bfd000 20733       2       com.android.tools.r8.graph.b0::d0 (63 bytes)
Event: 805.047 Thread 0x0000000015bfd000 nmethod 20733 0x000000000240e9d0 code [0x000000000240ece0, 0x000000000240fe38]
Event: 805.047 Thread 0x0000000015bfd000 20734       2       com.android.tools.r8.dex.r$$Lambda$1123/779109391::accept (12 bytes)
Event: 805.048 Thread 0x0000000015bfd000 nmethod 20734 0x00000000052b4f90 code [0x00000000052b5100, 0x00000000052b52a8]
Event: 805.048 Thread 0x0000000015bfd000 20735       2       com.android.tools.r8.dex.r::c (181 bytes)
Event: 805.049 Thread 0x0000000015bfd000 nmethod 20735 0x0000000003093ed0 code [0x00000000030941a0, 0x00000000030949c8]
Event: 805.056 Thread 0x0000000015bfd000 20736       2       java.time.Clock$SystemClock::instant (8 bytes)
Event: 805.057 Thread 0x0000000015bfd000 nmethod 20736 0x00000000052b4a50 code [0x00000000052b4bc0, 0x00000000052b4e58]
Event: 805.057 Thread 0x0000000015bfd000 20737       2       java.time.Clock$SystemClock::millis (4 bytes)
Event: 805.057 Thread 0x0000000015bfd000 nmethod 20737 0x00000000052b4750 code [0x00000000052b48a0, 0x00000000052b49f0]

GC Heap History (10 events):
Event: 770.181 GC heap before
{Heap before GC invocations=25 (full 3):
 PSYoungGen      total 316416K, used 316395K [0x00000000e0000000, 0x00000000f8700000, 0x0000000100000000)
  eden space 290304K, 100% used [0x00000000e0000000,0x00000000f1b80000,0x00000000f1b80000)
  from space 26112K, 99% used [0x00000000f1b80000,0x00000000f34fadf0,0x00000000f3500000)
  to   space 33280K, 0% used [0x00000000f6680000,0x00000000f6680000,0x00000000f8700000)
 ParOldGen       total 210432K, used 48437K [0x00000000a0000000, 0x00000000acd80000, 0x00000000e0000000)
  object space 210432K, 23% used [0x00000000a0000000,0x00000000a2f4d780,0x00000000acd80000)
 Metaspace       used 87037K, capacity 90860K, committed 91056K, reserved 1128448K
  class space    used 11231K, capacity 12094K, committed 12208K, reserved 1048576K
Event: 770.236 GC heap after
Heap after GC invocations=25 (full 3):
 PSYoungGen      total 352256K, used 33252K [0x00000000e0000000, 0x00000000f9d00000, 0x0000000100000000)
  eden space 318976K, 0% used [0x00000000e0000000,0x00000000e0000000,0x00000000f3780000)
  from space 33280K, 99% used [0x00000000f6680000,0x00000000f86f9280,0x00000000f8700000)
  to   space 48128K, 0% used [0x00000000f3780000,0x00000000f3780000,0x00000000f6680000)
 ParOldGen       total 210432K, used 72263K [0x00000000a0000000, 0x00000000acd80000, 0x00000000e0000000)
  object space 210432K, 34% used [0x00000000a0000000,0x00000000a4691de8,0x00000000acd80000)
 Metaspace       used 87037K, capacity 90860K, committed 91056K, reserved 1128448K
  class space    used 11231K, capacity 12094K, committed 12208K, reserved 1048576K
}
Event: 771.263 GC heap before
{Heap before GC invocations=26 (full 3):
 PSYoungGen      total 352256K, used 139233K [0x00000000e0000000, 0x00000000f9d00000, 0x0000000100000000)
  eden space 318976K, 33% used [0x00000000e0000000,0x00000000e677f2a0,0x00000000f3780000)
  from space 33280K, 99% used [0x00000000f6680000,0x00000000f86f9280,0x00000000f8700000)
  to   space 48128K, 0% used [0x00000000f3780000,0x00000000f3780000,0x00000000f6680000)
 ParOldGen       total 210432K, used 72263K [0x00000000a0000000, 0x00000000acd80000, 0x00000000e0000000)
  object space 210432K, 34% used [0x00000000a0000000,0x00000000a4691de8,0x00000000acd80000)
 Metaspace       used 94500K, capacity 98496K, committed 98600K, reserved 1134592K
  class space    used 12147K, capacity 13079K, committed 13104K, reserved 1048576K
Event: 771.305 GC heap after
Heap after GC invocations=26 (full 3):
 PSYoungGen      total 367104K, used 24615K [0x00000000e0000000, 0x00000000fdf80000, 0x0000000100000000)
  eden space 318976K, 0% used [0x00000000e0000000,0x00000000e0000000,0x00000000f3780000)
  from space 48128K, 51% used [0x00000000f3780000,0x00000000f4f89c60,0x00000000f6680000)
  to   space 47616K, 0% used [0x00000000fb100000,0x00000000fb100000,0x00000000fdf80000)
 ParOldGen       total 210432K, used 90197K [0x00000000a0000000, 0x00000000acd80000, 0x00000000e0000000)
  object space 210432K, 42% used [0x00000000a0000000,0x00000000a5815400,0x00000000acd80000)
 Metaspace       used 94500K, capacity 98496K, committed 98600K, reserved 1134592K
  class space    used 12147K, capacity 13079K, committed 13104K, reserved 1048576K
}
Event: 771.306 GC heap before
{Heap before GC invocations=27 (full 4):
 PSYoungGen      total 367104K, used 24615K [0x00000000e0000000, 0x00000000fdf80000, 0x0000000100000000)
  eden space 318976K, 0% used [0x00000000e0000000,0x00000000e0000000,0x00000000f3780000)
  from space 48128K, 51% used [0x00000000f3780000,0x00000000f4f89c60,0x00000000f6680000)
  to   space 47616K, 0% used [0x00000000fb100000,0x00000000fb100000,0x00000000fdf80000)
 ParOldGen       total 210432K, used 90197K [0x00000000a0000000, 0x00000000acd80000, 0x00000000e0000000)
  object space 210432K, 42% used [0x00000000a0000000,0x00000000a5815400,0x00000000acd80000)
 Metaspace       used 94500K, capacity 98496K, committed 98600K, reserved 1134592K
  class space    used 12147K, capacity 13079K, committed 13104K, reserved 1048576K
Event: 771.540 GC heap after
Heap after GC invocations=27 (full 4):
 PSYoungGen      total 367104K, used 0K [0x00000000e0000000, 0x00000000fdf80000, 0x0000000100000000)
  eden space 318976K, 0% used [0x00000000e0000000,0x00000000e0000000,0x00000000f3780000)
  from space 48128K, 0% used [0x00000000f3780000,0x00000000f3780000,0x00000000f6680000)
  to   space 47616K, 0% used [0x00000000fb100000,0x00000000fb100000,0x00000000fdf80000)
 ParOldGen       total 292864K, used 65284K [0x00000000a0000000, 0x00000000b1e00000, 0x00000000e0000000)
  object space 292864K, 22% used [0x00000000a0000000,0x00000000a3fc11b0,0x00000000b1e00000)
 Metaspace       used 94395K, capacity 98212K, committed 98600K, reserved 1134592K
  class space    used 12113K, capacity 13019K, committed 13104K, reserved 1048576K
}
Event: 790.247 GC heap before
{Heap before GC invocations=28 (full 4):
 PSYoungGen      total 367104K, used 318976K [0x00000000e0000000, 0x00000000fdf80000, 0x0000000100000000)
  eden space 318976K, 100% used [0x00000000e0000000,0x00000000f3780000,0x00000000f3780000)
  from space 48128K, 0% used [0x00000000f3780000,0x00000000f3780000,0x00000000f6680000)
  to   space 47616K, 0% used [0x00000000fb100000,0x00000000fb100000,0x00000000fdf80000)
 ParOldGen       total 292864K, used 65284K [0x00000000a0000000, 0x00000000b1e00000, 0x00000000e0000000)
  object space 292864K, 22% used [0x00000000a0000000,0x00000000a3fc11b0,0x00000000b1e00000)
 Metaspace       used 103921K, capacity 108150K, committed 108456K, reserved 1142784K
  class space    used 13461K, capacity 14450K, committed 14512K, reserved 1048576K
Event: 790.272 GC heap after
Heap after GC invocations=28 (full 4):
 PSYoungGen      total 442368K, used 21424K [0x00000000e0000000, 0x00000000fde00000, 0x0000000100000000)
  eden space 396288K, 0% used [0x00000000e0000000,0x00000000e0000000,0x00000000f8300000)
  from space 46080K, 46% used [0x00000000fb100000,0x00000000fc5ec2c0,0x00000000fde00000)
  to   space 46592K, 0% used [0x00000000f8300000,0x00000000f8300000,0x00000000fb080000)
 ParOldGen       total 292864K, used 65292K [0x00000000a0000000, 0x00000000b1e00000, 0x00000000e0000000)
  object space 292864K, 22% used [0x00000000a0000000,0x00000000a3fc31b0,0x00000000b1e00000)
 Metaspace       used 103921K, capacity 108150K, committed 108456K, reserved 1142784K
  class space    used 13461K, capacity 14450K, committed 14512K, reserved 1048576K
}
Event: 802.084 GC heap before
{Heap before GC invocations=29 (full 4):
 PSYoungGen      total 442368K, used 417712K [0x00000000e0000000, 0x00000000fde00000, 0x0000000100000000)
  eden space 396288K, 100% used [0x00000000e0000000,0x00000000f8300000,0x00000000f8300000)
  from space 46080K, 46% used [0x00000000fb100000,0x00000000fc5ec2c0,0x00000000fde00000)
  to   space 46592K, 0% used [0x00000000f8300000,0x00000000f8300000,0x00000000fb080000)
 ParOldGen       total 292864K, used 65292K [0x00000000a0000000, 0x00000000b1e00000, 0x00000000e0000000)
  object space 292864K, 22% used [0x00000000a0000000,0x00000000a3fc31b0,0x00000000b1e00000)
 Metaspace       used 114760K, capacity 119628K, committed 119976K, reserved 1153024K
  class space    used 14879K, capacity 15945K, committed 16048K, reserved 1048576K
Event: 802.147 GC heap after
Heap after GC invocations=29 (full 4):
 PSYoungGen      total 442880K, used 22881K [0x00000000e0000000, 0x00000000fde00000, 0x0000000100000000)
  eden space 396288K, 0% used [0x00000000e0000000,0x00000000e0000000,0x00000000f8300000)
  from space 46592K, 49% used [0x00000000f8300000,0x00000000f9958498,0x00000000fb080000)
  to   space 46080K, 0% used [0x00000000fb100000,0x00000000fb100000,0x00000000fde00000)
 ParOldGen       total 292864K, used 77176K [0x00000000a0000000, 0x00000000b1e00000, 0x00000000e0000000)
  object space 292864K, 26% used [0x00000000a0000000,0x00000000a4b5e010,0x00000000b1e00000)
 Metaspace       used 114760K, capacity 119628K, committed 119976K, reserved 1153024K
  class space    used 14879K, capacity 15945K, committed 16048K, reserved 1048576K
}

Deoptimization events (10 events):
Event: 803.705 Thread 0x000000001c479800 Uncommon trap: reason=unstable_if action=reinterpret pc=0x0000000005ab0468 method=com.android.tools.r8.v.a.a.a.f.X$e.contains(Ljava/lang/Object;)Z @ 124
Event: 803.844 Thread 0x000000001c479800 Uncommon trap: reason=predicate action=maybe_recompile pc=0x0000000005c1570c method=com.android.tools.r8.u.b.Q0.a(Lcom/android/tools/r8/ir/conversion/N;Ljava/util/Set;)Z @ 348
Event: 803.944 Thread 0x000000001c479800 Uncommon trap: reason=unstable_if action=reinterpret pc=0x0000000005ab6a58 method=com.android.tools.r8.v.a.a.a.f.X$e.contains(Ljava/lang/Object;)Z @ 124
Event: 804.108 Thread 0x000000001c479800 Uncommon trap: reason=class_check action=maybe_recompile pc=0x0000000005c39d8c method=com.android.tools.r8.u.a.i.e.b(Lcom/android/tools/r8/u/b/h0;)V @ 244
Event: 804.824 Thread 0x000000001c479800 Uncommon trap: reason=array_check action=maybe_recompile pc=0x000000000575e284 method=java.util.TimSort.reverseRange([Ljava/lang/Object;II)V @ 20
Event: 804.824 Thread 0x000000001c479800 Uncommon trap: reason=array_check action=maybe_recompile pc=0x000000000575e284 method=java.util.TimSort.reverseRange([Ljava/lang/Object;II)V @ 20
Event: 804.824 Thread 0x000000001c479800 Uncommon trap: reason=array_check action=maybe_recompile pc=0x000000000575e284 method=java.util.TimSort.reverseRange([Ljava/lang/Object;II)V @ 20
Event: 804.824 Thread 0x000000001c479800 Uncommon trap: reason=array_check action=maybe_recompile pc=0x000000000575e284 method=java.util.TimSort.reverseRange([Ljava/lang/Object;II)V @ 20
Event: 804.836 Thread 0x000000001c479800 Uncommon trap: reason=unstable_if action=reinterpret pc=0x000000000581fff0 method=com.android.tools.r8.v.a.a.a.h.J0.a(Ljava/lang/Object;)I @ 52
Event: 804.875 Thread 0x000000001c479800 Uncommon trap: reason=unstable_if action=reinterpret pc=0x0000000002801f28 method=java.util.Arrays.equals([Ljava/lang/Object;[Ljava/lang/Object;)Z @ 47

Classes redefined (0 events):
No events

Internal exceptions (10 events):
Event: 800.188 Thread 0x000000001bcb1800 Exception <a 'sun/nio/fs/WindowsException'> (0x00000000f22975f8) thrown at [C:\src\AOSP-openjdk-git\hotspot\src\share\vm\prims\jni.cpp, line 710]
Event: 800.188 Thread 0x000000001bcb1800 Exception <a 'sun/nio/fs/WindowsException'> (0x00000000f2298128) thrown at [C:\src\AOSP-openjdk-git\hotspot\src\share\vm\prims\jni.cpp, line 710]
Event: 800.188 Thread 0x000000001bcb1800 Exception <a 'sun/nio/fs/WindowsException'> (0x00000000f2299198) thrown at [C:\src\AOSP-openjdk-git\hotspot\src\share\vm\prims\jni.cpp, line 710]
Event: 800.315 Thread 0x000000001c479800 Exception <a 'sun/nio/fs/WindowsException'> (0x00000000f2d1c508) thrown at [C:\src\AOSP-openjdk-git\hotspot\src\share\vm\prims\jni.cpp, line 710]
Event: 800.343 Thread 0x000000001bcb1800 Exception <a 'java/lang/NoSuchMethodError': <clinit>> (0x00000000f3182040) thrown at [C:\src\AOSP-openjdk-git\hotspot\src\share\vm\prims\jni.cpp, line 1615]
Event: 800.345 Thread 0x000000001bcb1800 Exception <a 'java/lang/NoSuchMethodError': <clinit>> (0x00000000f319eff0) thrown at [C:\src\AOSP-openjdk-git\hotspot\src\share\vm\prims\jni.cpp, line 1615]
Event: 800.347 Thread 0x000000001bcb1800 Exception <a 'java/lang/NoSuchMethodError': <clinit>> (0x00000000f31c0ef8) thrown at [C:\src\AOSP-openjdk-git\hotspot\src\share\vm\prims\jni.cpp, line 1615]
Event: 800.350 Thread 0x000000001bcb1800 Exception <a 'java/lang/NoSuchMethodError': <clinit>> (0x00000000f3202388) thrown at [C:\src\AOSP-openjdk-git\hotspot\src\share\vm\prims\jni.cpp, line 1615]
Event: 801.162 Thread 0x000000001c479800 Exception <a 'java/lang/NoSuchMethodError': java.lang.Object.lambda$maxBy$1(Ljava/util/Comparator;Ljava/lang/Object;Ljava/lang/Object;)Ljava/lang/Object;> (0x00000000f5e510b8) thrown at [C:\src\AOSP-openjdk-git\hotspot\src\share\vm\interpreter\linkResolve
Event: 805.054 Thread 0x000000001c479800 Exception <a 'sun/nio/fs/WindowsException'> (0x00000000f51d80b8) thrown at [C:\src\AOSP-openjdk-git\hotspot\src\share\vm\prims\jni.cpp, line 710]

Events (10 events):
Event: 805.053 loading class com/android/tools/r8/ByteDataView
Event: 805.053 loading class com/android/tools/r8/ByteDataView done
Event: 805.054 loading class com/android/tools/r8/s/a/a/d/p
Event: 805.054 loading class com/android/tools/r8/s/a/a/d/p done
Event: 805.054 loading class com/android/tools/r8/s/a/a/d/o
Event: 805.054 loading class com/android/tools/r8/s/a/a/d/o done
Event: 805.055 loading class com/android/tools/r8/s/a/a/d/n
Event: 805.055 loading class com/android/tools/r8/s/a/a/d/n done
Event: 805.065 Thread 0x000000001c479800 DEOPT PACKING pc=0x0000000004c15de4 sp=0x000000001b1ec580
Event: 805.065 Thread 0x000000001c479800 DEOPT UNPACKING pc=0x00000000022c75d0 sp=0x000000001b1ec360 mode 0


Dynamic libraries:
0x00007ff69bdb0000 - 0x00007ff69bde1000 	C:\Program Files\Android\Android Studio\jre\bin\java.exe
0x00007ff819370000 - 0x00007ff819566000 	C:\Windows\SYSTEM32\ntdll.dll
0x00007ff818ef0000 - 0x00007ff818fad000 	C:\Windows\System32\KERNEL32.DLL
0x00007ff816b30000 - 0x00007ff816df8000 	C:\Windows\System32\KERNELBASE.dll
0x00007ff818900000 - 0x00007ff8189aa000 	C:\Windows\System32\ADVAPI32.dll
0x00007ff817420000 - 0x00007ff8174be000 	C:\Windows\System32\msvcrt.dll
0x00007ff8183b0000 - 0x00007ff81844b000 	C:\Windows\System32\sechost.dll
0x00007ff819140000 - 0x00007ff819264000 	C:\Windows\System32\RPCRT4.dll
0x00007ff818600000 - 0x00007ff8187a0000 	C:\Windows\System32\USER32.dll
0x00007ff817200000 - 0x00007ff817222000 	C:\Windows\System32\win32u.dll
0x00007ff818b60000 - 0x00007ff818b8a000 	C:\Windows\System32\GDI32.dll
0x00007ff816e00000 - 0x00007ff816f09000 	C:\Windows\System32\gdi32full.dll
0x00007ff816a90000 - 0x00007ff816b2d000 	C:\Windows\System32\msvcp_win.dll
0x00007ff817230000 - 0x00007ff817330000 	C:\Windows\System32\ucrtbase.dll
0x00007ff805090000 - 0x00007ff80532b000 	C:\Windows\WinSxS\amd64_microsoft.windows.common-controls_6595b64144ccf1df_6.0.19041.488_none_ca04af081b815d21\COMCTL32.dll
0x00007ff8188d0000 - 0x00007ff818900000 	C:\Windows\System32\IMM32.DLL
0x000000006ab80000 - 0x000000006ac52000 	C:\Program Files\Android\Android Studio\jre\jre\bin\msvcr100.dll
0x000000006ad10000 - 0x000000006b55b000 	C:\Program Files\Android\Android Studio\jre\jre\bin\server\jvm.dll
0x00007ff817410000 - 0x00007ff817418000 	C:\Windows\System32\PSAPI.DLL
0x00007ff800000000 - 0x00007ff800009000 	C:\Windows\SYSTEM32\WSOCK32.dll
0x00007ff8187a0000 - 0x00007ff81880b000 	C:\Windows\System32\WS2_32.dll
0x00007ff807e00000 - 0x00007ff807e27000 	C:\Windows\SYSTEM32\WINMM.dll
0x00007ff80ff10000 - 0x00007ff80ff1a000 	C:\Windows\SYSTEM32\VERSION.dll
0x00007ff811c80000 - 0x00007ff811c8f000 	C:\Program Files\Android\Android Studio\jre\jre\bin\verify.dll
0x00007ff8055c0000 - 0x00007ff8055e9000 	C:\Program Files\Android\Android Studio\jre\jre\bin\java.dll
0x00007ff811400000 - 0x00007ff811416000 	C:\Program Files\Android\Android Studio\jre\jre\bin\zip.dll
0x00007ff8174c0000 - 0x00007ff817c00000 	C:\Windows\System32\SHELL32.dll
0x00007ff814810000 - 0x00007ff814fa4000 	C:\Windows\SYSTEM32\windows.storage.dll
0x00007ff818b90000 - 0x00007ff818ee5000 	C:\Windows\System32\combase.dll
0x00007ff816500000 - 0x00007ff81652c000 	C:\Windows\SYSTEM32\Wldp.dll
0x00007ff818810000 - 0x00007ff8188be000 	C:\Windows\System32\SHCORE.dll
0x00007ff818fb0000 - 0x00007ff819005000 	C:\Windows\System32\shlwapi.dll
0x00007ff8169c0000 - 0x00007ff8169e6000 	C:\Windows\SYSTEM32\profapi.dll
0x00007ff8055a0000 - 0x00007ff8055ba000 	C:\Program Files\Android\Android Studio\jre\jre\bin\net.dll
0x00007ff816280000 - 0x00007ff8162ea000 	C:\Windows\system32\mswsock.dll
0x00007ff8053f0000 - 0x00007ff805403000 	C:\Program Files\Android\Android Studio\jre\jre\bin\nio.dll
0x00007fffffc10000 - 0x00007fffffc36000 	C:\Users\Mustafa\.gradle\native\31\windows-amd64\native-platform.dll
0x00007ff810ac0000 - 0x00007ff810acd000 	C:\Program Files\Android\Android Studio\jre\jre\bin\management.dll
0x00007ff816450000 - 0x00007ff816468000 	C:\Windows\SYSTEM32\CRYPTSP.dll
0x00007ff815ba0000 - 0x00007ff815bd4000 	C:\Windows\system32\rsaenh.dll
0x00007ff816f60000 - 0x00007ff816f87000 	C:\Windows\System32\bcrypt.dll
0x00007ff816940000 - 0x00007ff81696e000 	C:\Windows\SYSTEM32\USERENV.dll
0x00007ff817330000 - 0x00007ff8173af000 	C:\Windows\System32\bcryptprimitives.dll
0x00007ff816470000 - 0x00007ff81647c000 	C:\Windows\SYSTEM32\CRYPTBASE.dll
0x00007ff815f20000 - 0x00007ff815f5b000 	C:\Windows\SYSTEM32\IPHLPAPI.DLL
0x00007ff8188c0000 - 0x00007ff8188c9000 	C:\Windows\System32\NSI.dll
0x00007ff80e5e0000 - 0x00007ff80e5f7000 	C:\Windows\SYSTEM32\dhcpcsvc6.DLL
0x00007ff80e5c0000 - 0x00007ff80e5dd000 	C:\Windows\SYSTEM32\dhcpcsvc.DLL
0x00007ff815f60000 - 0x00007ff81602b000 	C:\Windows\SYSTEM32\DNSAPI.dll
0x00007fffff8e0000 - 0x00007fffff904000 	C:\Program Files\Android\Android Studio\jre\jre\bin\sunec.dll
0x00007ff80d5b0000 - 0x00007ff80d5ba000 	C:\Windows\System32\rasadhlp.dll
0x00007ff8083b0000 - 0x00007ff80842f000 	C:\Windows\System32\fwpuclnt.dll
0x00007ff80f540000 - 0x00007ff80f54b000 	C:\Program Files\Android\Android Studio\jre\jre\bin\sunmscapi.dll
0x00007ff8170a0000 - 0x00007ff8171fd000 	C:\Windows\System32\CRYPT32.dll
0x00007ff8157d0000 - 0x00007ff815803000 	C:\Windows\SYSTEM32\ntmarta.dll

VM Arguments:
jvm_args: -Xmx1536m -Dfile.encoding=windows-1252 -Duser.country=US -Duser.language=en -Duser.variant 
java_command: org.gradle.launcher.daemon.bootstrap.GradleDaemon 6.1.1
java_class_path (initial): C:\Users\Mustafa\.gradle\wrapper\dists\gradle-6.1.1-all\cfmwm155h49vnt3hynmlrsdst\gradle-6.1.1\lib\gradle-launcher-6.1.1.jar
Launcher Type: SUN_STANDARD

Environment Variables:
PATH=C:\Windows\system32;C:\Windows;C:\Windows\System32\Wbem;C:\Windows\System32\WindowsPowerShell\v1.0\;C:\Windows\System32\OpenSSH\;C:\Program Files\Git\cmd;C:\Users\Mustafa\AppData\Local\Microsoft\WindowsApps;D:\Sdk\platform-tools;
USERNAME=Mustafa
OS=Windows_NT
PROCESSOR_IDENTIFIER=Intel64 Family 6 Model 142 Stepping 9, GenuineIntel



---------------  S Y S T E M  ---------------

OS: Windows 10.0 , 64 bit Build 19041 (10.0.19041.546)

CPU:total 4 (initial active 4) (2 cores per cpu, 2 threads per core) family 6 model 142 stepping 9, cmov, cx8, fxsr, mmx, sse, sse2, sse3, ssse3, sse4.1, sse4.2, popcnt, avx, avx2, aes, clmul, erms, 3dnowpref, lzcnt, ht, tsc, tscinvbit, bmi1, bmi2, adx

Memory: 4k page, physical 16543328k(1154068k free), swap 35671908k(7752k free)

vm_info: OpenJDK 64-Bit Server VM (25.242-b01) for windows-amd64 JRE (1.8.0_242-release-1644-b01), built by "builder" with MS VC++ 10.0 (VS2010)

time: Mon Nov 02 11:15:07 2020
timezone: Egypt Standard Time
elapsed time: 805 seconds (0d 0h 13m 25s)

