#
# There is insufficient memory for the Java Runtime Environment to continue.
# Native memory allocation (malloc) failed to allocate 2166096 bytes for Chunk::new
# Possible reasons:
#   The system is out of physical RAM or swap space
#   The process is running with CompressedOops enabled, and the Java Heap may be blocking the growth of the native heap
# Possible solutions:
#   Reduce memory load on the system
#   Increase physical memory or swap space
#   Check if swap backing store is full
#   Decrease Java heap size (-Xmx/-Xms)
#   Decrease number of Java threads
#   Decrease Java thread stack sizes (-Xss)
#   Set larger code cache with -XX:ReservedCodeCacheSize=
#   JVM is running with Unscaled Compressed Oops mode in which the Java heap is
#     placed in the first 4GB address space. The Java Heap base address is the
#     maximum limit for the native heap growth. Please use -XX:HeapBaseMinAddress
#     to set the Java Heap base and to place the Java Heap above 4GB virtual address.
# This output file may be truncated or incomplete.
#
#  Out of Memory Error (allocation.cpp:389), pid=12600, tid=0x00000000000043e8
#
# JRE version: OpenJDK Runtime Environment (8.0_242-b01) (build 1.8.0_242-release-1644-b01)
# Java VM: OpenJDK 64-Bit Server VM (25.242-b01 mixed mode windows-amd64 compressed oops)
# Failed to write core dump. Minidumps are not enabled by default on client versions of Windows
#

---------------  T H R E A D  ---------------

Current thread (0x00000000166b3800):  JavaThread "C2 CompilerThread0" daemon [_thread_in_native, id=17384, stack(0x0000000017d10000,0x0000000017e10000)]

Stack: [0x0000000017d10000,0x0000000017e10000]
[error occurred during error reporting (printing stack bounds), id 0xc0000005]

Native frames: (J=compiled Java code, j=interpreted, Vv=VM code, C=native code)


Current CompileTask:
C2:  14883 2000       4       java.net.URLClassLoader$1::run (5 bytes)


---------------  P R O C E S S  ---------------

Java Threads: ( => current thread )
  0x0000000018d3a000 JavaThread "Cache worker for execution history cache (C:\Users\Mustafa\.gradle\caches\6.1.1\executionHistory)" [_thread_blocked, id=4428, stack(0x000000001ff60000,0x0000000020060000)]
  0x0000000018d38800 JavaThread "Cache worker for cache directory md-rule (C:\Users\Mustafa\.gradle\caches\6.1.1\md-rule)" [_thread_blocked, id=12380, stack(0x000000001ee70000,0x000000001ef70000)]
  0x0000000018d33000 JavaThread "Cache worker for cache directory md-supplier (C:\Users\Mustafa\.gradle\caches\6.1.1\md-supplier)" [_thread_blocked, id=11980, stack(0x000000001eb70000,0x000000001ec70000)]
  0x0000000018d34000 JavaThread "Cache worker for file hash cache (D:\MustafaElsayed\Projects\ConnectToSoapApiApp\.gradle\6.1.1\fileHashes)" [_thread_blocked, id=8024, stack(0x000000001e870000,0x000000001e970000)]
  0x0000000018d35800 JavaThread "Cache worker for checksums cache (D:\MustafaElsayed\Projects\ConnectToSoapApiApp\.gradle\checksums)" [_thread_blocked, id=10956, stack(0x000000001e5d0000,0x000000001e6d0000)]
  0x0000000018d37000 JavaThread "Cache worker for file hash cache (C:\Users\Mustafa\.gradle\caches\6.1.1\fileHashes)" [_thread_blocked, id=11544, stack(0x000000001e770000,0x000000001e870000)]
  0x0000000018d39000 JavaThread "File lock request listener" [_thread_in_native, id=668, stack(0x000000001c330000,0x000000001c430000)]
  0x0000000018d37800 JavaThread "Cache worker for journal cache (C:\Users\Mustafa\.gradle\caches\journal-1)" [_thread_blocked, id=15024, stack(0x000000001c230000,0x000000001c330000)]
  0x00000000180c9000 JavaThread "Thread-9" [_thread_blocked, id=13836, stack(0x000000001bf30000,0x000000001c030000)]
  0x00000000180c3000 JavaThread "Stdin handler" [_thread_blocked, id=7948, stack(0x000000001be30000,0x000000001bf30000)]
  0x00000000180bc000 JavaThread "Asynchronous log dispatcher for DefaultDaemonConnection: socket connection from /127.0.0.1:14431 to /127.0.0.1:14432" [_thread_blocked, id=3496, stack(0x000000001bd30000,0x000000001be30000)]
  0x0000000018192800 JavaThread "Daemon worker" [_thread_in_native, id=9612, stack(0x000000001bc30000,0x000000001bd30000)]
  0x0000000018191800 JavaThread "Cancel handler" [_thread_blocked, id=4928, stack(0x000000001bb30000,0x000000001bc30000)]
  0x00000000181ba800 JavaThread "Handler for socket connection from /127.0.0.1:14431 to /127.0.0.1:14432" [_thread_in_native, id=5388, stack(0x000000001b830000,0x000000001b930000)]
  0x00000000181b9800 JavaThread "Daemon" [_thread_blocked, id=16648, stack(0x000000001b730000,0x000000001b830000)]
  0x000000001942d000 JavaThread "Daemon periodic checks" [_thread_blocked, id=16992, stack(0x000000001b630000,0x000000001b730000)]
  0x000000001951e800 JavaThread "Incoming local TCP Connector on port 14431" [_thread_in_native, id=15940, stack(0x000000001b3f0000,0x000000001b4f0000)]
  0x0000000019ef9800 JavaThread "Daemon health stats" [_thread_blocked, id=11932, stack(0x000000001adb0000,0x000000001aeb0000)]
  0x000000001670e800 JavaThread "Service Thread" daemon [_thread_blocked, id=14084, stack(0x0000000018410000,0x0000000018510000)]
  0x0000000016709000 JavaThread "C1 CompilerThread2" daemon [_thread_blocked, id=5560, stack(0x0000000018310000,0x0000000018410000)]
  0x00000000166ba000 JavaThread "C2 CompilerThread1" daemon [_thread_in_native, id=9340, stack(0x0000000017e10000,0x0000000017f10000)]
=>0x00000000166b3800 JavaThread "C2 CompilerThread0" daemon [_thread_in_native, id=17384, stack(0x0000000017d10000,0x0000000017e10000)]
  0x00000000166b6000 JavaThread "Attach Listener" daemon [_thread_blocked, id=14408, stack(0x0000000017c10000,0x0000000017d10000)]
  0x00000000166b5000 JavaThread "Signal Dispatcher" daemon [_thread_blocked, id=15688, stack(0x0000000017b10000,0x0000000017c10000)]
  0x0000000002d35000 JavaThread "Finalizer" daemon [_thread_blocked, id=16848, stack(0x0000000017910000,0x0000000017a10000)]
  0x0000000016699000 JavaThread "Reference Handler" daemon [_thread_blocked, id=2764, stack(0x0000000017810000,0x0000000017910000)]
  0x00000000029be000 JavaThread "main" [_thread_blocked, id=5072, stack(0x0000000002a40000,0x0000000002b40000)]

Other Threads:
  0x0000000016676000 VMThread [stack: 0x0000000017710000,0x0000000017810000] [id=7204]
  0x0000000017f21800 WatcherThread [stack: 0x0000000018510000,0x0000000018610000] [id=12844]

VM state:not at safepoint (normal execution)

VM Mutex/Monitor currently owned by a thread: None

heap address: 0x00000000a0000000, size: 1536 MB, Compressed Oops mode: 32-bit
Narrow klass base: 0x0000000000000000, Narrow klass shift: 3
Compressed class space size: 1073741824 Address: 0x0000000100000000

Heap:
 PSYoungGen      total 75776K, used 42697K [0x00000000e0000000, 0x00000000e5480000, 0x0000000100000000)
  eden space 65024K, 65% used [0x00000000e0000000,0x00000000e29b24f8,0x00000000e3f80000)
  from space 10752K, 0% used [0x00000000e4a00000,0x00000000e4a00000,0x00000000e5480000)
  to   space 10752K, 0% used [0x00000000e3f80000,0x00000000e3f80000,0x00000000e4a00000)
 ParOldGen       total 87040K, used 7156K [0x00000000a0000000, 0x00000000a5500000, 0x00000000e0000000)
  object space 87040K, 8% used [0x00000000a0000000,0x00000000a06fd0e8,0x00000000a5500000)
 Metaspace       used 24362K, capacity 24934K, committed 25216K, reserved 1071104K
  class space    used 3416K, capacity 3613K, committed 3712K, reserved 1048576K

Card table byte_map: [0x0000000012100000,0x0000000012410000] byte_map_base: 0x0000000011c00000

Marking Bits: (ParMarkBitMap*) 0x000000006b4df030
 Begin Bits: [0x0000000012a10000, 0x0000000014210000)
 End Bits:   [0x0000000014210000, 0x0000000015a10000)

Polling page: 0x00000000012f0000

CodeCache: size=245760Kb used=7141Kb max_used=7169Kb free=238618Kb
 bounds [0x0000000002d40000, 0x0000000003450000, 0x0000000011d40000]
 total_blobs=2447 nmethods=2013 adapters=347
 compilation: enabled

Compilation events (10 events):
Event: 14.847 Thread 0x0000000016709000 2048       3       java.util.concurrent.atomic.AtomicInteger::incrementAndGet (14 bytes)
Event: 14.847 Thread 0x0000000016709000 nmethod 2048 0x0000000003438d50 code [0x0000000003438ea0, 0x0000000003438ff0]
Event: 14.847 Thread 0x0000000016709000 2046       3       java.util.HashMap$KeySet::iterator (12 bytes)
Event: 14.848 Thread 0x0000000016709000 nmethod 2046 0x0000000003438890 code [0x0000000003438a00, 0x0000000003438c68]
Event: 14.848 Thread 0x0000000016709000 2047       3       java.util.HashMap$KeyIterator::<init> (11 bytes)
Event: 14.848 Thread 0x0000000016709000 nmethod 2047 0x0000000003438490 code [0x0000000003438600, 0x00000000034387a8]
Event: 14.849 Thread 0x0000000016709000 2049       3       java.lang.Class::getDeclaredMethods (18 bytes)
Event: 14.849 Thread 0x0000000016709000 nmethod 2049 0x0000000002ec2850 code [0x0000000002ec29e0, 0x0000000002ec2c18]
Event: 14.849 Thread 0x0000000016709000 2050       3       java.lang.ClassValue$Entry::version (8 bytes)
Event: 14.849 Thread 0x0000000016709000 nmethod 2050 0x0000000002ec2350 code [0x0000000002ec24c0, 0x0000000002ec2790]

GC Heap History (10 events):
Event: 3.501 GC heap before
{Heap before GC invocations=1 (full 0):
 PSYoungGen      total 75776K, used 65024K [0x00000000e0000000, 0x00000000e5480000, 0x0000000100000000)
  eden space 65024K, 100% used [0x00000000e0000000,0x00000000e3f80000,0x00000000e3f80000)
  from space 10752K, 0% used [0x00000000e4a00000,0x00000000e4a00000,0x00000000e5480000)
  to   space 10752K, 0% used [0x00000000e3f80000,0x00000000e3f80000,0x00000000e4a00000)
 ParOldGen       total 173568K, used 0K [0x00000000a0000000, 0x00000000aa980000, 0x00000000e0000000)
  object space 173568K, 0% used [0x00000000a0000000,0x00000000a0000000,0x00000000aa980000)
 Metaspace       used 7394K, capacity 7578K, committed 7680K, reserved 1056768K
  class space    used 900K, capacity 970K, committed 1024K, reserved 1048576K
Event: 3.513 GC heap after
Heap after GC invocations=1 (full 0):
 PSYoungGen      total 75776K, used 5580K [0x00000000e0000000, 0x00000000e5480000, 0x0000000100000000)
  eden space 65024K, 0% used [0x00000000e0000000,0x00000000e0000000,0x00000000e3f80000)
  from space 10752K, 51% used [0x00000000e3f80000,0x00000000e44f31f0,0x00000000e4a00000)
  to   space 10752K, 0% used [0x00000000e4a00000,0x00000000e4a00000,0x00000000e5480000)
 ParOldGen       total 173568K, used 8K [0x00000000a0000000, 0x00000000aa980000, 0x00000000e0000000)
  object space 173568K, 0% used [0x00000000a0000000,0x00000000a0002000,0x00000000aa980000)
 Metaspace       used 7394K, capacity 7578K, committed 7680K, reserved 1056768K
  class space    used 900K, capacity 970K, committed 1024K, reserved 1048576K
}
Event: 11.461 GC heap before
{Heap before GC invocations=2 (full 0):
 PSYoungGen      total 75776K, used 70604K [0x00000000e0000000, 0x00000000e5480000, 0x0000000100000000)
  eden space 65024K, 100% used [0x00000000e0000000,0x00000000e3f80000,0x00000000e3f80000)
  from space 10752K, 51% used [0x00000000e3f80000,0x00000000e44f31f0,0x00000000e4a00000)
  to   space 10752K, 0% used [0x00000000e4a00000,0x00000000e4a00000,0x00000000e5480000)
 ParOldGen       total 173568K, used 8K [0x00000000a0000000, 0x00000000aa980000, 0x00000000e0000000)
  object space 173568K, 0% used [0x00000000a0000000,0x00000000a0002000,0x00000000aa980000)
 Metaspace       used 14792K, capacity 15184K, committed 15488K, reserved 1062912K
  class space    used 1952K, capacity 2080K, committed 2176K, reserved 1048576K
Event: 11.475 GC heap after
Heap after GC invocations=2 (full 0):
 PSYoungGen      total 75776K, used 9141K [0x00000000e0000000, 0x00000000e5480000, 0x0000000100000000)
  eden space 65024K, 0% used [0x00000000e0000000,0x00000000e0000000,0x00000000e3f80000)
  from space 10752K, 85% used [0x00000000e4a00000,0x00000000e52ed678,0x00000000e5480000)
  to   space 10752K, 0% used [0x00000000e3f80000,0x00000000e3f80000,0x00000000e4a00000)
 ParOldGen       total 173568K, used 24K [0x00000000a0000000, 0x00000000aa980000, 0x00000000e0000000)
  object space 173568K, 0% used [0x00000000a0000000,0x00000000a0006000,0x00000000aa980000)
 Metaspace       used 14792K, capacity 15184K, committed 15488K, reserved 1062912K
  class space    used 1952K, capacity 2080K, committed 2176K, reserved 1048576K
}
Event: 13.223 GC heap before
{Heap before GC invocations=3 (full 0):
 PSYoungGen      total 75776K, used 74165K [0x00000000e0000000, 0x00000000e5480000, 0x0000000100000000)
  eden space 65024K, 100% used [0x00000000e0000000,0x00000000e3f80000,0x00000000e3f80000)
  from space 10752K, 85% used [0x00000000e4a00000,0x00000000e52ed678,0x00000000e5480000)
  to   space 10752K, 0% used [0x00000000e3f80000,0x00000000e3f80000,0x00000000e4a00000)
 ParOldGen       total 173568K, used 24K [0x00000000a0000000, 0x00000000aa980000, 0x00000000e0000000)
  object space 173568K, 0% used [0x00000000a0000000,0x00000000a0006000,0x00000000aa980000)
 Metaspace       used 20011K, capacity 20534K, committed 20736K, reserved 1067008K
  class space    used 2794K, capacity 2959K, committed 3072K, reserved 1048576K
Event: 13.236 GC heap after
Heap after GC invocations=3 (full 0):
 PSYoungGen      total 75776K, used 10720K [0x00000000e0000000, 0x00000000e5480000, 0x0000000100000000)
  eden space 65024K, 0% used [0x00000000e0000000,0x00000000e0000000,0x00000000e3f80000)
  from space 10752K, 99% used [0x00000000e3f80000,0x00000000e49f8138,0x00000000e4a00000)
  to   space 10752K, 0% used [0x00000000e4a00000,0x00000000e4a00000,0x00000000e5480000)
 ParOldGen       total 173568K, used 800K [0x00000000a0000000, 0x00000000aa980000, 0x00000000e0000000)
  object space 173568K, 0% used [0x00000000a0000000,0x00000000a00c81a0,0x00000000aa980000)
 Metaspace       used 20011K, capacity 20534K, committed 20736K, reserved 1067008K
  class space    used 2794K, capacity 2959K, committed 3072K, reserved 1048576K
}
Event: 13.376 GC heap before
{Heap before GC invocations=4 (full 0):
 PSYoungGen      total 75776K, used 20923K [0x00000000e0000000, 0x00000000e5480000, 0x0000000100000000)
  eden space 65024K, 15% used [0x00000000e0000000,0x00000000e09f6c80,0x00000000e3f80000)
  from space 10752K, 99% used [0x00000000e3f80000,0x00000000e49f8138,0x00000000e4a00000)
  to   space 10752K, 0% used [0x00000000e4a00000,0x00000000e4a00000,0x00000000e5480000)
 ParOldGen       total 173568K, used 800K [0x00000000a0000000, 0x00000000aa980000, 0x00000000e0000000)
  object space 173568K, 0% used [0x00000000a0000000,0x00000000a00c81a0,0x00000000aa980000)
 Metaspace       used 20619K, capacity 21142K, committed 21248K, reserved 1067008K
  class space    used 2893K, capacity 3055K, committed 3072K, reserved 1048576K
Event: 13.382 GC heap after
Heap after GC invocations=4 (full 0):
 PSYoungGen      total 75776K, used 7292K [0x00000000e0000000, 0x00000000e5480000, 0x0000000100000000)
  eden space 65024K, 0% used [0x00000000e0000000,0x00000000e0000000,0x00000000e3f80000)
  from space 10752K, 67% used [0x00000000e4a00000,0x00000000e511f3f8,0x00000000e5480000)
  to   space 10752K, 0% used [0x00000000e3f80000,0x00000000e3f80000,0x00000000e4a00000)
 ParOldGen       total 173568K, used 808K [0x00000000a0000000, 0x00000000aa980000, 0x00000000e0000000)
  object space 173568K, 0% used [0x00000000a0000000,0x00000000a00ca1a0,0x00000000aa980000)
 Metaspace       used 20619K, capacity 21142K, committed 21248K, reserved 1067008K
  class space    used 2893K, capacity 3055K, committed 3072K, reserved 1048576K
}
Event: 13.382 GC heap before
{Heap before GC invocations=5 (full 1):
 PSYoungGen      total 75776K, used 7292K [0x00000000e0000000, 0x00000000e5480000, 0x0000000100000000)
  eden space 65024K, 0% used [0x00000000e0000000,0x00000000e0000000,0x00000000e3f80000)
  from space 10752K, 67% used [0x00000000e4a00000,0x00000000e511f3f8,0x00000000e5480000)
  to   space 10752K, 0% used [0x00000000e3f80000,0x00000000e3f80000,0x00000000e4a00000)
 ParOldGen       total 173568K, used 808K [0x00000000a0000000, 0x00000000aa980000, 0x00000000e0000000)
  object space 173568K, 0% used [0x00000000a0000000,0x00000000a00ca1a0,0x00000000aa980000)
 Metaspace       used 20619K, capacity 21142K, committed 21248K, reserved 1067008K
  class space    used 2893K, capacity 3055K, committed 3072K, reserved 1048576K
Event: 13.432 GC heap after
Heap after GC invocations=5 (full 1):
 PSYoungGen      total 75776K, used 0K [0x00000000e0000000, 0x00000000e5480000, 0x0000000100000000)
  eden space 65024K, 0% used [0x00000000e0000000,0x00000000e0000000,0x00000000e3f80000)
  from space 10752K, 0% used [0x00000000e4a00000,0x00000000e4a00000,0x00000000e5480000)
  to   space 10752K, 0% used [0x00000000e3f80000,0x00000000e3f80000,0x00000000e4a00000)
 ParOldGen       total 87040K, used 7156K [0x00000000a0000000, 0x00000000a5500000, 0x00000000e0000000)
  object space 87040K, 8% used [0x00000000a0000000,0x00000000a06fd0e8,0x00000000a5500000)
 Metaspace       used 20619K, capacity 21142K, committed 21248K, reserved 1067008K
  class space    used 2893K, capacity 3055K, committed 3072K, reserved 1048576K
}

Deoptimization events (10 events):
Event: 12.140 Thread 0x0000000018192800 Uncommon trap: reason=unstable_if action=reinterpret pc=0x00000000032c851c method=java.util.jar.Manifest.getTrustedAttributes(Ljava/lang/String;)Ljava/util/jar/Attributes; @ 7
Event: 12.881 Thread 0x0000000018192800 Uncommon trap: reason=unstable_if action=reinterpret pc=0x00000000030f1288 method=java.net.URI.match(CJJ)Z @ 19
Event: 12.881 Thread 0x0000000018192800 Uncommon trap: reason=unstable_if action=reinterpret pc=0x0000000002f0ef08 method=java.net.URI.match(CJJ)Z @ 19
Event: 12.881 Thread 0x0000000018192800 Uncommon trap: reason=unstable_if action=reinterpret pc=0x0000000002fe5ec0 method=java.net.URI.match(CJJ)Z @ 19
Event: 13.297 Thread 0x0000000018192800 Uncommon trap: reason=unstable_if action=reinterpret pc=0x0000000003238fa4 method=java.util.HashMap.hash(Ljava/lang/Object;)I @ 1
Event: 13.432 Thread 0x0000000002d35000 Uncommon trap: reason=unstable_if action=reinterpret pc=0x0000000003368c7c method=java.lang.ref.Finalizer.remove()V @ 10
Event: 13.432 Thread 0x0000000002d35000 Uncommon trap: reason=unstable_if action=reinterpret pc=0x0000000003366ea8 method=java.lang.ref.Finalizer.remove()V @ 10
Event: 13.577 Thread 0x0000000018192800 Uncommon trap: reason=unstable_if action=reinterpret pc=0x000000000305774c method=java.io.WinNTFileSystem.resolve(Ljava/lang/String;Ljava/lang/String;)Ljava/lang/String; @ 49
Event: 13.673 Thread 0x0000000018192800 Uncommon trap: reason=unstable_if action=reinterpret pc=0x00000000030748f0 method=java.util.LinkedHashMap.afterNodeInsertion(Z)V @ 1
Event: 14.376 Thread 0x0000000018192800 Uncommon trap: reason=unstable_if action=reinterpret pc=0x0000000003408f38 method=java.util.HashMap.putVal(ILjava/lang/Object;Ljava/lang/Object;ZZ)Ljava/lang/Object; @ 162

Classes redefined (0 events):
No events

Internal exceptions (10 events):
Event: 10.384 Thread 0x00000000181ba800 Exception <a 'java/lang/NoSuchMethodError': <clinit>> (0x00000000e209ae60) thrown at [C:\src\AOSP-openjdk-git\hotspot\src\share\vm\prims\jni.cpp, line 1615]
Event: 10.387 Thread 0x00000000181ba800 Exception <a 'java/lang/NoSuchMethodError': <clinit>> (0x00000000e20af788) thrown at [C:\src\AOSP-openjdk-git\hotspot\src\share\vm\prims\jni.cpp, line 1615]
Event: 10.397 Thread 0x00000000181ba800 Exception <a 'java/lang/NoSuchMethodError': <clinit>> (0x00000000e2107938) thrown at [C:\src\AOSP-openjdk-git\hotspot\src\share\vm\prims\jni.cpp, line 1615]
Event: 10.403 Thread 0x00000000181ba800 Exception <a 'java/lang/NoSuchMethodError': <clinit>> (0x00000000e213f4f8) thrown at [C:\src\AOSP-openjdk-git\hotspot\src\share\vm\prims\jni.cpp, line 1615]
Event: 10.408 Thread 0x00000000181ba800 Exception <a 'java/lang/NoSuchMethodError': <clinit>> (0x00000000e2174e10) thrown at [C:\src\AOSP-openjdk-git\hotspot\src\share\vm\prims\jni.cpp, line 1615]
Event: 10.409 Thread 0x00000000181ba800 Exception <a 'java/lang/NoSuchMethodError': <clinit>> (0x00000000e217fe68) thrown at [C:\src\AOSP-openjdk-git\hotspot\src\share\vm\prims\jni.cpp, line 1615]
Event: 12.160 Thread 0x0000000018192800 Exception <a 'java/lang/NoSuchMethodError': java.lang.Object.lambda$and$0(Ljava/util/function/Predicate;Ljava/lang/Object;)Z> (0x00000000e1731b38) thrown at [C:\src\AOSP-openjdk-git\hotspot\src\share\vm\interpreter\linkResolver.cpp, line 620]
Event: 12.164 Thread 0x0000000018192800 Exception <a 'java/lang/IncompatibleClassChangeError': Found class java.lang.Object, but interface was expected> (0x00000000e1742368) thrown at [C:\src\AOSP-openjdk-git\hotspot\src\share\vm\interpreter\linkResolver.cpp, line 653]
Event: 12.166 Thread 0x0000000018192800 Exception <a 'java/lang/NoSuchMethodError': java.lang.Object.lambda$or$2(Ljava/util/function/Predicate;Ljava/lang/Object;)Z> (0x00000000e1747288) thrown at [C:\src\AOSP-openjdk-git\hotspot\src\share\vm\interpreter\linkResolver.cpp, line 620]
Event: 13.297 Thread 0x0000000018192800 Implicit null exception at 0x0000000003238d95 to 0x0000000003238f95

Events (10 events):
Event: 14.849 loading class java/io/UnsupportedEncodingException done
Event: 14.850 loading class org/codehaus/groovy/runtime/DefaultGroovyMethods
Event: 14.850 loading class org/codehaus/groovy/runtime/DefaultGroovyMethods done
Event: 14.871 loading class groovy/io/GroovyPrintWriter
Event: 14.871 loading class groovy/io/GroovyPrintWriter done
Event: 14.873 loading class org/codehaus/groovy/runtime/typehandling/GroovyCastException
Event: 14.873 loading class org/codehaus/groovy/runtime/typehandling/GroovyCastException done
Event: 14.878 loading class org/codehaus/groovy/runtime/DefaultGroovyMethods$2
Event: 14.878 loading class org/codehaus/groovy/runtime/DefaultGroovyMethods$2 done
Event: 14.883 loading class org/codehaus/groovy/runtime/dgmimpl/NumberNumberPlus


Dynamic libraries:
0x00007ff69bdb0000 - 0x00007ff69bde1000 	C:\Program Files\Android\Android Studio\jre\bin\java.exe
0x00007ff819370000 - 0x00007ff819566000 	C:\Windows\SYSTEM32\ntdll.dll
0x00007ff818ef0000 - 0x00007ff818fad000 	C:\Windows\System32\KERNEL32.DLL
0x00007ff816b30000 - 0x00007ff816df8000 	C:\Windows\System32\KERNELBASE.dll
0x00007ff818900000 - 0x00007ff8189aa000 	C:\Windows\System32\ADVAPI32.dll
0x00007ff817420000 - 0x00007ff8174be000 	C:\Windows\System32\msvcrt.dll
0x00007ff8183b0000 - 0x00007ff81844b000 	C:\Windows\System32\sechost.dll
0x00007ff819140000 - 0x00007ff819264000 	C:\Windows\System32\RPCRT4.dll
0x00007ff818600000 - 0x00007ff8187a0000 	C:\Windows\System32\USER32.dll
0x00007ff817200000 - 0x00007ff817222000 	C:\Windows\System32\win32u.dll
0x00007ff818b60000 - 0x00007ff818b8a000 	C:\Windows\System32\GDI32.dll
0x00007ff816e00000 - 0x00007ff816f09000 	C:\Windows\System32\gdi32full.dll
0x00007ff816a90000 - 0x00007ff816b2d000 	C:\Windows\System32\msvcp_win.dll
0x00007ff817230000 - 0x00007ff817330000 	C:\Windows\System32\ucrtbase.dll
0x00007ff805090000 - 0x00007ff80532b000 	C:\Windows\WinSxS\amd64_microsoft.windows.common-controls_6595b64144ccf1df_6.0.19041.488_none_ca04af081b815d21\COMCTL32.dll
0x00007ff8188d0000 - 0x00007ff818900000 	C:\Windows\System32\IMM32.DLL
0x000000006ab80000 - 0x000000006ac52000 	C:\Program Files\Android\Android Studio\jre\jre\bin\msvcr100.dll
0x000000006ad10000 - 0x000000006b55b000 	C:\Program Files\Android\Android Studio\jre\jre\bin\server\jvm.dll
0x00007ff817410000 - 0x00007ff817418000 	C:\Windows\System32\PSAPI.DLL
0x00007ff800000000 - 0x00007ff800009000 	C:\Windows\SYSTEM32\WSOCK32.dll
0x00007ff8187a0000 - 0x00007ff81880b000 	C:\Windows\System32\WS2_32.dll
0x00007ff807e00000 - 0x00007ff807e27000 	C:\Windows\SYSTEM32\WINMM.dll
0x00007ff80ff10000 - 0x00007ff80ff1a000 	C:\Windows\SYSTEM32\VERSION.dll
0x00007ff811c80000 - 0x00007ff811c8f000 	C:\Program Files\Android\Android Studio\jre\jre\bin\verify.dll
0x00007ff8055c0000 - 0x00007ff8055e9000 	C:\Program Files\Android\Android Studio\jre\jre\bin\java.dll
0x00007ff811400000 - 0x00007ff811416000 	C:\Program Files\Android\Android Studio\jre\jre\bin\zip.dll
0x00007ff8174c0000 - 0x00007ff817c00000 	C:\Windows\System32\SHELL32.dll
0x00007ff814810000 - 0x00007ff814fa4000 	C:\Windows\SYSTEM32\windows.storage.dll
0x00007ff818b90000 - 0x00007ff818ee5000 	C:\Windows\System32\combase.dll
0x00007ff816500000 - 0x00007ff81652c000 	C:\Windows\SYSTEM32\Wldp.dll
0x00007ff818810000 - 0x00007ff8188be000 	C:\Windows\System32\SHCORE.dll
0x00007ff818fb0000 - 0x00007ff819005000 	C:\Windows\System32\shlwapi.dll
0x00007ff8169c0000 - 0x00007ff8169e6000 	C:\Windows\SYSTEM32\profapi.dll
0x00007ff8055a0000 - 0x00007ff8055ba000 	C:\Program Files\Android\Android Studio\jre\jre\bin\net.dll
0x00007ff816280000 - 0x00007ff8162ea000 	C:\Windows\system32\mswsock.dll
0x00007ff8053f0000 - 0x00007ff805403000 	C:\Program Files\Android\Android Studio\jre\jre\bin\nio.dll
0x00007fffffc10000 - 0x00007fffffc36000 	C:\Users\Mustafa\.gradle\native\31\windows-amd64\native-platform.dll
0x00007ff810ac0000 - 0x00007ff810acd000 	C:\Program Files\Android\Android Studio\jre\jre\bin\management.dll
0x00007ff816450000 - 0x00007ff816468000 	C:\Windows\SYSTEM32\CRYPTSP.dll
0x00007ff815ba0000 - 0x00007ff815bd4000 	C:\Windows\system32\rsaenh.dll
0x00007ff816f60000 - 0x00007ff816f87000 	C:\Windows\System32\bcrypt.dll
0x00007ff816940000 - 0x00007ff81696e000 	C:\Windows\SYSTEM32\USERENV.dll
0x00007ff817330000 - 0x00007ff8173af000 	C:\Windows\System32\bcryptprimitives.dll
0x00007ff816470000 - 0x00007ff81647c000 	C:\Windows\SYSTEM32\CRYPTBASE.dll
0x00007ff815f20000 - 0x00007ff815f5b000 	C:\Windows\SYSTEM32\IPHLPAPI.DLL
0x00007ff8188c0000 - 0x00007ff8188c9000 	C:\Windows\System32\NSI.dll
0x00007ff80e5e0000 - 0x00007ff80e5f7000 	C:\Windows\SYSTEM32\dhcpcsvc6.DLL
0x00007ff80e5c0000 - 0x00007ff80e5dd000 	C:\Windows\SYSTEM32\dhcpcsvc.DLL
0x00007ff815f60000 - 0x00007ff81602b000 	C:\Windows\SYSTEM32\DNSAPI.dll

VM Arguments:
jvm_args: -Xmx1536m -Dfile.encoding=windows-1252 -Duser.country=US -Duser.language=en -Duser.variant 
java_command: org.gradle.launcher.daemon.bootstrap.GradleDaemon 6.1.1
java_class_path (initial): C:\Users\Mustafa\.gradle\wrapper\dists\gradle-6.1.1-all\cfmwm155h49vnt3hynmlrsdst\gradle-6.1.1\lib\gradle-launcher-6.1.1.jar
Launcher Type: SUN_STANDARD

Environment Variables:
PATH=C:\Windows\system32;C:\Windows;C:\Windows\System32\Wbem;C:\Windows\System32\WindowsPowerShell\v1.0\;C:\Windows\System32\OpenSSH\;C:\Program Files\Git\cmd;C:\Users\Mustafa\AppData\Local\Microsoft\WindowsApps;D:\Sdk\platform-tools;
USERNAME=Mustafa
OS=Windows_NT
PROCESSOR_IDENTIFIER=Intel64 Family 6 Model 142 Stepping 9, GenuineIntel



---------------  S Y S T E M  ---------------

OS: Windows 10.0 , 64 bit Build 19041 (10.0.19041.546)

CPU:total 4 (initial active 4) (2 cores per cpu, 2 threads per core) family 6 model 142 stepping 9, cmov, cx8, fxsr, mmx, sse, sse2, sse3, ssse3, sse4.1, sse4.2, popcnt, avx, avx2, aes, clmul, erms, 3dnowpref, lzcnt, ht, tsc, tscinvbit, bmi1, bmi2, adx

Memory: 4k page, physical 16543328k(2515456k free), swap 35671908k(4224k free)

vm_info: OpenJDK 64-Bit Server VM (25.242-b01) for windows-amd64 JRE (1.8.0_242-release-1644-b01), built by "builder" with MS VC++ 10.0 (VS2010)

time: Mon Nov 02 11:18:55 2020
timezone: Egypt Standard Time
elapsed time: 14 seconds (0d 0h 0m 14s)

