#
# There is insufficient memory for the Java Runtime Environment to continue.
# Native memory allocation (malloc) failed to allocate 131088 bytes for Chunk::new
# Possible reasons:
#   The system is out of physical RAM or swap space
#   In 32 bit mode, the process size limit was hit
# Possible solutions:
#   Reduce memory load on the system
#   Increase physical memory or swap space
#   Check if swap backing store is full
#   Use 64 bit Java on a 64 bit OS
#   Decrease Java heap size (-Xmx/-Xms)
#   Decrease number of Java threads
#   Decrease Java thread stack sizes (-Xss)
#   Set larger code cache with -XX:ReservedCodeCacheSize=
# This output file may be truncated or incomplete.
#
#  Out of Memory Error (allocation.cpp:390), pid=21280, tid=0x0000000000003e6c
#
# JRE version: OpenJDK Runtime Environment (8.0_152-b01) (build 1.8.0_152-release-1343-b01)
# Java VM: OpenJDK 64-Bit Server VM (25.152-b01 mixed mode windows-amd64 compressed oops)
# Failed to write core dump. Minidumps are not enabled by default on client versions of Windows
#

---------------  T H R E A D  ---------------

Current thread (0x00000000169c6800):  JavaThread "C2 CompilerThread0" daemon [_thread_in_native, id=15980, stack(0x0000000018010000,0x0000000018110000)]

Stack: [0x0000000018010000,0x0000000018110000]
[error occurred during error reporting (printing stack bounds), id 0xc0000005]

Native frames: (J=compiled Java code, j=interpreted, Vv=VM code, C=native code)


Current CompileTask:
C2:  10801 5736 %     4       org.gradle.internal.instantiation.AbstractClassGenerator::inspectType @ 77 (553 bytes)


---------------  P R O C E S S  ---------------

Java Threads: ( => current thread )
  0x000000001e67c800 JavaThread "Memory manager" [_thread_blocked, id=21124, stack(0x0000000022f80000,0x0000000023080000)]
  0x000000001e67f800 JavaThread "Cache worker for Build Output Cleanup Cache (D:\MustafaElsayed\ConnectToSoapApiApp\.gradle\buildOutputCleanup)" [_thread_blocked, id=7248, stack(0x0000000022a80000,0x0000000022b80000)]
  0x000000001e677800 JavaThread "Build operations Thread 4" [_thread_blocked, id=17260, stack(0x0000000022380000,0x0000000022480000)]
  0x000000001e676000 JavaThread "Build operations Thread 3" [_thread_blocked, id=15724, stack(0x0000000022130000,0x0000000022230000)]
  0x000000001e679800 JavaThread "Build operations Thread 2" [_thread_blocked, id=17692, stack(0x0000000021dc0000,0x0000000021ec0000)]
  0x000000001e678000 JavaThread "Build operations" [_thread_blocked, id=1404, stack(0x0000000021cc0000,0x0000000021dc0000)]
  0x000000001a25c000 JavaThread "Cache worker for execution history cache (C:\Users\mustafa.elsayed\.gradle\caches\5.2\executionHistory)" [_thread_blocked, id=13836, stack(0x00000000206b0000,0x00000000207b0000)]
  0x000000001a25b000 JavaThread "Cache worker for cache directory md-rule (C:\Users\mustafa.elsayed\.gradle\caches\5.2\md-rule)" [_thread_blocked, id=13304, stack(0x00000000205b0000,0x00000000206b0000)]
  0x000000001a25f800 JavaThread "Cache worker for cache directory md-supplier (C:\Users\mustafa.elsayed\.gradle\caches\5.2\md-supplier)" [_thread_blocked, id=17340, stack(0x00000000204b0000,0x00000000205b0000)]
  0x000000001a25e000 JavaThread "Cache worker for file hash cache (D:\MustafaElsayed\ConnectToSoapApiApp\.gradle\5.2\fileHashes)" [_thread_blocked, id=14684, stack(0x000000001eb90000,0x000000001ec90000)]
  0x000000001a25d800 JavaThread "Cache worker for journal cache (C:\Users\mustafa.elsayed\.gradle\caches\journal-1)" [_thread_blocked, id=19604, stack(0x000000001c430000,0x000000001c530000)]
  0x000000001a25c800 JavaThread "File lock request listener" [_thread_in_native, id=10516, stack(0x000000001c330000,0x000000001c430000)]
  0x000000001a279000 JavaThread "Cache worker for file hash cache (C:\Users\mustafa.elsayed\.gradle\caches\5.2\fileHashes)" [_thread_blocked, id=21020, stack(0x000000001c230000,0x000000001c330000)]
  0x0000000019e65000 JavaThread "Thread-8" [_thread_in_native, id=20772, stack(0x000000001c130000,0x000000001c230000)]
  0x0000000019aea000 JavaThread "Stdin handler" [_thread_blocked, id=10036, stack(0x000000001c030000,0x000000001c130000)]
  0x0000000019ae9800 JavaThread "Asynchronous log dispatcher for DefaultDaemonConnection: socket connection from /127.0.0.1:9404 to /127.0.0.1:9405" [_thread_blocked, id=3176, stack(0x000000001bf30000,0x000000001c030000)]
  0x000000001996f000 JavaThread "Daemon worker" [_thread_in_vm, id=4964, stack(0x000000001be30000,0x000000001bf30000)]
  0x000000001996e000 JavaThread "Cancel handler" [_thread_blocked, id=15704, stack(0x000000001bd30000,0x000000001be30000)]
  0x000000001a0b2000 JavaThread "Handler for socket connection from /127.0.0.1:9404 to /127.0.0.1:9405" [_thread_in_native, id=1248, stack(0x000000001ba30000,0x000000001bb30000)]
  0x000000001a15d800 JavaThread "Daemon" [_thread_blocked, id=10480, stack(0x000000001b930000,0x000000001ba30000)]
  0x0000000019e42000 JavaThread "Daemon periodic checks" [_thread_blocked, id=1196, stack(0x000000001b830000,0x000000001b930000)]
  0x00000000195b5800 JavaThread "Incoming local TCP Connector on port 9404" [_thread_in_native, id=17804, stack(0x000000001b5f0000,0x000000001b6f0000)]
  0x000000001827f800 JavaThread "Service Thread" daemon [_thread_blocked, id=21392, stack(0x0000000018710000,0x0000000018810000)]
  0x0000000016a1e000 JavaThread "C1 CompilerThread2" daemon [_thread_blocked, id=19584, stack(0x0000000018610000,0x0000000018710000)]
  0x00000000169ce000 JavaThread "C2 CompilerThread1" daemon [_thread_in_native, id=16344, stack(0x0000000018110000,0x0000000018210000)]
=>0x00000000169c6800 JavaThread "C2 CompilerThread0" daemon [_thread_in_native, id=15980, stack(0x0000000018010000,0x0000000018110000)]
  0x0000000016a14800 JavaThread "Attach Listener" daemon [_thread_blocked, id=4884, stack(0x0000000017f10000,0x0000000018010000)]
  0x0000000016a13800 JavaThread "Signal Dispatcher" daemon [_thread_blocked, id=18360, stack(0x0000000017e10000,0x0000000017f10000)]
  0x00000000169a9800 JavaThread "Finalizer" daemon [_thread_blocked, id=13084, stack(0x0000000017c20000,0x0000000017d20000)]
  0x0000000003045000 JavaThread "Reference Handler" daemon [_thread_blocked, id=5648, stack(0x0000000017b20000,0x0000000017c20000)]
  0x0000000002f52800 JavaThread "main" [_thread_blocked, id=21384, stack(0x0000000002d90000,0x0000000002e90000)]

Other Threads:
  0x0000000016985800 VMThread [stack: 0x0000000017a20000,0x0000000017b20000] [id=1016]
  0x0000000018272000 WatcherThread [stack: 0x0000000018810000,0x0000000018910000] [id=7924]

VM state:not at safepoint (normal execution)

VM Mutex/Monitor currently owned by a thread: None

Heap:
 PSYoungGen      total 183808K, used 40605K [0x00000000e0000000, 0x00000000ef380000, 0x0000000100000000)
  eden space 168448K, 24% used [0x00000000e0000000,0x00000000e27a7528,0x00000000ea480000)
  from space 15360K, 0% used [0x00000000ea480000,0x00000000ea480000,0x00000000eb380000)
  to   space 14848K, 0% used [0x00000000ee500000,0x00000000ee500000,0x00000000ef380000)
 ParOldGen       total 88576K, used 29972K [0x00000000a0000000, 0x00000000a5680000, 0x00000000e0000000)
  object space 88576K, 33% used [0x00000000a0000000,0x00000000a1d45160,0x00000000a5680000)
 Metaspace       used 59521K, capacity 61374K, committed 61608K, reserved 1101824K
  class space    used 8079K, capacity 8489K, committed 8616K, reserved 1048576K

Card table byte_map: [0x0000000012410000,0x0000000012720000] byte_map_base: 0x0000000011f10000

Marking Bits: (ParMarkBitMap*) 0x000000006ef95aa0
 Begin Bits: [0x0000000012d20000, 0x0000000014520000)
 End Bits:   [0x0000000014520000, 0x0000000015d20000)

Polling page: 0x00000000015d0000

CodeCache: size=245760Kb used=18614Kb max_used=18614Kb free=227145Kb
 bounds [0x0000000003050000, 0x0000000004290000, 0x0000000012050000]
 total_blobs=6368 nmethods=5575 adapters=706
 compilation: enabled

Compilation events (10 events):
Event: 10.790 Thread 0x0000000016a1e000 5947       3       org.gradle.api.internal.tasks.properties.annotations.AbstractInputPropertyAnnotationHandler::shouldVisit (15 bytes)
Event: 10.791 Thread 0x0000000016a1e000 nmethod 5947 0x0000000004286fd0 code [0x0000000004287140, 0x0000000004287350]
Event: 10.791 Thread 0x0000000016a1e000 5948   !   3       org.codehaus.groovy.reflection.AccessPermissionChecker::checkAccessPermission (26 bytes)
Event: 10.791 Thread 0x0000000016a1e000 nmethod 5948 0x0000000004287450 code [0x00000000042875c0, 0x0000000004287978]
Event: 10.791 Thread 0x0000000016a1e000 5949       1       com.android.build.gradle.internal.scope.VariantScopeImpl::getVariantData (5 bytes)
Event: 10.792 Thread 0x0000000016a1e000 nmethod 5949 0x0000000004287ad0 code [0x0000000004287c20, 0x0000000004287d30]
Event: 10.792 Thread 0x0000000016a1e000 5950       3       org.gradle.util.NameValidator::validate (172 bytes)
Event: 10.793 Thread 0x0000000016a1e000 nmethod 5950 0x0000000004287d90 code [0x0000000004288240, 0x000000000428aed8]
Event: 10.794 Thread 0x0000000016a1e000 5951       3       com.google.common.base.Preconditions::checkArgument (13 bytes)
Event: 10.795 Thread 0x0000000016a1e000 nmethod 5951 0x000000000428c310 code [0x000000000428c480, 0x000000000428c6a8]

GC Heap History (10 events):
Event: 5.817 GC heap before
{Heap before GC invocations=12 (full 2):
 PSYoungGen      total 144896K, used 6864K [0x00000000e0000000, 0x00000000ebe00000, 0x0000000100000000)
  eden space 132608K, 0% used [0x00000000e0000000,0x00000000e0000000,0x00000000e8180000)
  from space 12288K, 55% used [0x00000000e8d00000,0x00000000e93b4258,0x00000000e9900000)
  to   space 11776K, 0% used [0x00000000e8180000,0x00000000e8180000,0x00000000e8d00000)
 ParOldGen       total 38912K, used 16367K [0x00000000a0000000, 0x00000000a2600000, 0x00000000e0000000)
  object space 38912K, 42% used [0x00000000a0000000,0x00000000a0ffbfd0,0x00000000a2600000)
 Metaspace       used 34593K, capacity 35472K, committed 35496K, reserved 1079296K
  class space    used 4775K, capacity 5018K, committed 5032K, reserved 1048576K
Event: 5.874 GC heap after
Heap after GC invocations=12 (full 2):
 PSYoungGen      total 144896K, used 0K [0x00000000e0000000, 0x00000000ebe00000, 0x0000000100000000)
  eden space 132608K, 0% used [0x00000000e0000000,0x00000000e0000000,0x00000000e8180000)
  from space 12288K, 0% used [0x00000000e8d00000,0x00000000e8d00000,0x00000000e9900000)
  to   space 11776K, 0% used [0x00000000e8180000,0x00000000e8180000,0x00000000e8d00000)
 ParOldGen       total 57856K, used 16741K [0x00000000a0000000, 0x00000000a3880000, 0x00000000e0000000)
  object space 57856K, 28% used [0x00000000a0000000,0x00000000a10594d8,0x00000000a3880000)
 Metaspace       used 34588K, capacity 35454K, committed 35496K, reserved 1079296K
  class space    used 4773K, capacity 5015K, committed 5032K, reserved 1048576K
}
Event: 7.693 GC heap before
{Heap before GC invocations=13 (full 2):
 PSYoungGen      total 144896K, used 132608K [0x00000000e0000000, 0x00000000ebe00000, 0x0000000100000000)
  eden space 132608K, 100% used [0x00000000e0000000,0x00000000e8180000,0x00000000e8180000)
  from space 12288K, 0% used [0x00000000e8d00000,0x00000000e8d00000,0x00000000e9900000)
  to   space 11776K, 0% used [0x00000000e8180000,0x00000000e8180000,0x00000000e8d00000)
 ParOldGen       total 57856K, used 16741K [0x00000000a0000000, 0x00000000a3880000, 0x00000000e0000000)
  object space 57856K, 28% used [0x00000000a0000000,0x00000000a10594d8,0x00000000a3880000)
 Metaspace       used 48274K, capacity 49426K, committed 49576K, reserved 1091584K
  class space    used 6470K, capacity 6765K, committed 6824K, reserved 1048576K
Event: 7.707 GC heap after
Heap after GC invocations=13 (full 2):
 PSYoungGen      total 144384K, used 11764K [0x00000000e0000000, 0x00000000ec280000, 0x0000000100000000)
  eden space 132608K, 0% used [0x00000000e0000000,0x00000000e0000000,0x00000000e8180000)
  from space 11776K, 99% used [0x00000000e8180000,0x00000000e8cfd170,0x00000000e8d00000)
  to   space 15360K, 0% used [0x00000000eb380000,0x00000000eb380000,0x00000000ec280000)
 ParOldGen       total 57856K, used 22077K [0x00000000a0000000, 0x00000000a3880000, 0x00000000e0000000)
  object space 57856K, 38% used [0x00000000a0000000,0x00000000a158f608,0x00000000a3880000)
 Metaspace       used 48274K, capacity 49426K, committed 49576K, reserved 1091584K
  class space    used 6470K, capacity 6765K, committed 6824K, reserved 1048576K
}
Event: 8.935 GC heap before
{Heap before GC invocations=14 (full 2):
 PSYoungGen      total 144384K, used 144372K [0x00000000e0000000, 0x00000000ec280000, 0x0000000100000000)
  eden space 132608K, 100% used [0x00000000e0000000,0x00000000e8180000,0x00000000e8180000)
  from space 11776K, 99% used [0x00000000e8180000,0x00000000e8cfd170,0x00000000e8d00000)
  to   space 15360K, 0% used [0x00000000eb380000,0x00000000eb380000,0x00000000ec280000)
 ParOldGen       total 57856K, used 22077K [0x00000000a0000000, 0x00000000a3880000, 0x00000000e0000000)
  object space 57856K, 38% used [0x00000000a0000000,0x00000000a158f608,0x00000000a3880000)
 Metaspace       used 55038K, capacity 56488K, committed 56744K, reserved 1097728K
  class space    used 7373K, capacity 7722K, committed 7848K, reserved 1048576K
Event: 8.952 GC heap after
Heap after GC invocations=14 (full 2):
 PSYoungGen      total 183808K, used 9232K [0x00000000e0000000, 0x00000000ec300000, 0x0000000100000000)
  eden space 168448K, 0% used [0x00000000e0000000,0x00000000e0000000,0x00000000ea480000)
  from space 15360K, 60% used [0x00000000eb380000,0x00000000ebc84008,0x00000000ec280000)
  to   space 15360K, 0% used [0x00000000ea480000,0x00000000ea480000,0x00000000eb380000)
 ParOldGen       total 57856K, used 30340K [0x00000000a0000000, 0x00000000a3880000, 0x00000000e0000000)
  object space 57856K, 52% used [0x00000000a0000000,0x00000000a1da13c8,0x00000000a3880000)
 Metaspace       used 55038K, capacity 56488K, committed 56744K, reserved 1097728K
  class space    used 7373K, capacity 7722K, committed 7848K, reserved 1048576K
}
Event: 9.257 GC heap before
{Heap before GC invocations=15 (full 2):
 PSYoungGen      total 183808K, used 41197K [0x00000000e0000000, 0x00000000ec300000, 0x0000000100000000)
  eden space 168448K, 18% used [0x00000000e0000000,0x00000000e1f37748,0x00000000ea480000)
  from space 15360K, 60% used [0x00000000eb380000,0x00000000ebc84008,0x00000000ec280000)
  to   space 15360K, 0% used [0x00000000ea480000,0x00000000ea480000,0x00000000eb380000)
 ParOldGen       total 57856K, used 30340K [0x00000000a0000000, 0x00000000a3880000, 0x00000000e0000000)
  object space 57856K, 52% used [0x00000000a0000000,0x00000000a1da13c8,0x00000000a3880000)
 Metaspace       used 57432K, capacity 59072K, committed 59160K, reserved 1099776K
  class space    used 7725K, capacity 8092K, committed 8104K, reserved 1048576K
Event: 9.265 GC heap after
Heap after GC invocations=15 (full 2):
 PSYoungGen      total 183808K, used 6411K [0x00000000e0000000, 0x00000000ef380000, 0x0000000100000000)
  eden space 168448K, 0% used [0x00000000e0000000,0x00000000e0000000,0x00000000ea480000)
  from space 15360K, 41% used [0x00000000ea480000,0x00000000eaac2d08,0x00000000eb380000)
  to   space 14848K, 0% used [0x00000000ee500000,0x00000000ee500000,0x00000000ef380000)
 ParOldGen       total 57856K, used 30348K [0x00000000a0000000, 0x00000000a3880000, 0x00000000e0000000)
  object space 57856K, 52% used [0x00000000a0000000,0x00000000a1da33c8,0x00000000a3880000)
 Metaspace       used 57432K, capacity 59072K, committed 59160K, reserved 1099776K
  class space    used 7725K, capacity 8092K, committed 8104K, reserved 1048576K
}
Event: 9.265 GC heap before
{Heap before GC invocations=16 (full 3):
 PSYoungGen      total 183808K, used 6411K [0x00000000e0000000, 0x00000000ef380000, 0x0000000100000000)
  eden space 168448K, 0% used [0x00000000e0000000,0x00000000e0000000,0x00000000ea480000)
  from space 15360K, 41% used [0x00000000ea480000,0x00000000eaac2d08,0x00000000eb380000)
  to   space 14848K, 0% used [0x00000000ee500000,0x00000000ee500000,0x00000000ef380000)
 ParOldGen       total 57856K, used 30348K [0x00000000a0000000, 0x00000000a3880000, 0x00000000e0000000)
  object space 57856K, 52% used [0x00000000a0000000,0x00000000a1da33c8,0x00000000a3880000)
 Metaspace       used 57432K, capacity 59072K, committed 59160K, reserved 1099776K
  class space    used 7725K, capacity 8092K, committed 8104K, reserved 1048576K
Event: 9.455 GC heap after
Heap after GC invocations=16 (full 3):
 PSYoungGen      total 183808K, used 0K [0x00000000e0000000, 0x00000000ef380000, 0x0000000100000000)
  eden space 168448K, 0% used [0x00000000e0000000,0x00000000e0000000,0x00000000ea480000)
  from space 15360K, 0% used [0x00000000ea480000,0x00000000ea480000,0x00000000eb380000)
  to   space 14848K, 0% used [0x00000000ee500000,0x00000000ee500000,0x00000000ef380000)
 ParOldGen       total 88576K, used 29972K [0x00000000a0000000, 0x00000000a5680000, 0x00000000e0000000)
  object space 88576K, 33% used [0x00000000a0000000,0x00000000a1d45160,0x00000000a5680000)
 Metaspace       used 57432K, capacity 59072K, committed 59160K, reserved 1099776K
  class space    used 7725K, capacity 8092K, committed 8104K, reserved 1048576K
}

Deoptimization events (10 events):
Event: 7.955 Thread 0x000000001996f000 Uncommon trap: reason=unstable_if action=reinterpret pc=0x0000000003e5a370 method=com.sun.org.apache.xerces.internal.impl.XMLEntityScanner.peekChar()I @ 14
Event: 8.585 Thread 0x000000001996f000 Uncommon trap: reason=unstable_if action=reinterpret pc=0x00000000033351c4 method=org.gradle.internal.instantiation.AbstractClassGenerator$InjectionAnnotationValidator.validateMethod(Ljava/lang/reflect/Method;Lorg/gradle/internal/reflect/PropertyAccessorT
Event: 8.832 Thread 0x000000001996f000 Uncommon trap: reason=unstable_if action=reinterpret pc=0x0000000003627de4 method=java.lang.String.lastIndexOf([CII[CIII)I @ 17
Event: 8.919 Thread 0x000000001996f000 Uncommon trap: reason=unstable_if action=reinterpret pc=0x000000000347c404 method=java.util.concurrent.ConcurrentHashMap.putVal(Ljava/lang/Object;Ljava/lang/Object;Z)Ljava/lang/Object; @ 195
Event: 8.960 Thread 0x000000001996f000 Uncommon trap: reason=unstable_if action=reinterpret pc=0x000000000409bb08 method=kotlin.reflect.jvm.internal.impl.protobuf.CodedInputStream.readRawVarint32()I @ 10
Event: 9.154 Thread 0x000000001996f000 Uncommon trap: reason=unstable_if action=reinterpret pc=0x0000000003b21338 method=java.io.WinNTFileSystem.normalizePrefix(Ljava/lang/String;ILjava/lang/StringBuffer;)I @ 62
Event: 9.159 Thread 0x000000001996f000 Uncommon trap: reason=unstable_if action=reinterpret pc=0x0000000003e7cad4 method=java.util.regex.Pattern$LastNode.match(Ljava/util/regex/Matcher;ILjava/lang/CharSequence;)Z @ 13
Event: 9.159 Thread 0x000000001996f000 Uncommon trap: reason=unstable_if action=reinterpret pc=0x0000000003e937a8 method=java.util.regex.Pattern$GroupTail.match(Ljava/util/regex/Matcher;ILjava/lang/CharSequence;)Z @ 73
Event: 9.159 Thread 0x000000001996f000 Uncommon trap: reason=unstable_if action=reinterpret pc=0x0000000003e8c160 method=java.util.regex.Pattern$LastNode.match(Ljava/util/regex/Matcher;ILjava/lang/CharSequence;)Z @ 13
Event: 9.159 Thread 0x000000001996f000 Uncommon trap: reason=unstable_if action=reinterpret pc=0x0000000003e937a8 method=java.util.regex.Pattern$GroupTail.match(Ljava/util/regex/Matcher;ILjava/lang/CharSequence;)Z @ 73

Classes redefined (0 events):
No events

Internal exceptions (10 events):
Event: 9.243 Thread 0x000000001996f000 Exception <a 'java/lang/ClassNotFoundException': com/android/build/gradle/internal/api/ApkVariantOutputImpl_DecoratedBeanInfo> (0x00000000e1d072f0) thrown at [D:\src\AOSP-openjdk-cygwin\jdk8u\hotspot\src\share\vm\classfile\systemDictionary.cpp, line 210]
Event: 9.243 Thread 0x000000001996f000 Exception <a 'java/lang/ClassNotFoundException': com/android/build/gradle/internal/api/ApkVariantOutputImplBeanInfo> (0x00000000e1d217d8) thrown at [D:\src\AOSP-openjdk-cygwin\jdk8u\hotspot\src\share\vm\classfile\systemDictionary.cpp, line 210]
Event: 9.243 Thread 0x000000001996f000 Exception <a 'java/lang/ClassNotFoundException': com/android/build/gradle/internal/api/BaseVariantOutputImplBeanInfo> (0x00000000e1d3cca0) thrown at [D:\src\AOSP-openjdk-cygwin\jdk8u\hotspot\src\share\vm\classfile\systemDictionary.cpp, line 210]
Event: 9.244 Thread 0x000000001996f000 Exception <a 'java/lang/ClassNotFoundException': com/android/build/gradle/internal/api/BaseVariantOutputImplCustomizer> (0x00000000e1d58610) thrown at [D:\src\AOSP-openjdk-cygwin\jdk8u\hotspot\src\share\vm\classfile\systemDictionary.cpp, line 210]
Event: 9.244 Thread 0x000000001996f000 Exception <a 'java/lang/ClassNotFoundException': com/android/build/gradle/internal/api/ApkVariantOutputImplCustomizer> (0x00000000e1d96398) thrown at [D:\src\AOSP-openjdk-cygwin\jdk8u\hotspot\src\share\vm\classfile\systemDictionary.cpp, line 210]
Event: 9.245 Thread 0x000000001996f000 Exception <a 'java/lang/ClassNotFoundException': com/android/build/gradle/internal/api/ApkVariantOutputImpl_DecoratedCustomizer> (0x00000000e1dc6cc0) thrown at [D:\src\AOSP-openjdk-cygwin\jdk8u\hotspot\src\share\vm\classfile\systemDictionary.cpp, line 210
Event: 9.737 Thread 0x000000001996f000 Exception <a 'java/lang/NoSuchMethodError': java.lang.Object.lambda$static$0(Ljava/util/Set;Ljava/util/Set;)Z> (0x00000000e1007408) thrown at [D:\src\AOSP-openjdk-cygwin\jdk8u\hotspot\src\share\vm\interpreter\linkResolver.cpp, line 584]
Event: 9.738 Thread 0x000000001996f000 Exception <a 'java/lang/NoSuchMethodError': java.lang.Object.lambda$static$1(Ljava/util/Set;Ljava/util/Set;)Z> (0x00000000e100a378) thrown at [D:\src\AOSP-openjdk-cygwin\jdk8u\hotspot\src\share\vm\interpreter\linkResolver.cpp, line 584]
Event: 9.738 Thread 0x000000001996f000 Exception <a 'java/lang/NoSuchMethodError': java.lang.Object.lambda$static$2(Ljava/util/Set;Ljava/util/Set;)Z> (0x00000000e100ceb8) thrown at [D:\src\AOSP-openjdk-cygwin\jdk8u\hotspot\src\share\vm\interpreter\linkResolver.cpp, line 584]
Event: 9.739 Thread 0x000000001996f000 Exception <a 'java/lang/NoSuchMethodError': java.lang.Object.lambda$static$3(Ljava/util/Set;Ljava/util/Set;)Z> (0x00000000e100f9f8) thrown at [D:\src\AOSP-openjdk-cygwin\jdk8u\hotspot\src\share\vm\interpreter\linkResolver.cpp, line 584]

Events (10 events):
Event: 10.769 loading class com/android/build/gradle/internal/packaging/IncrementalPackagerBuilder$ApkFormat$3
Event: 10.769 loading class com/android/build/gradle/internal/packaging/IncrementalPackagerBuilder$ApkFormat$3 done
Event: 10.771 loading class com/android/tools/build/apkzlib/zfile/ApkCreator
Event: 10.771 loading class com/android/tools/build/apkzlib/zfile/ApkCreator done
Event: 10.774 loading class com/android/build/gradle/internal/tasks/PackageBundleTask$BundleOptions
Event: 10.774 loading class com/android/build/gradle/internal/tasks/PackageBundleTask$BundleOptions done
Event: 10.777 loading class com/android/build/gradle/internal/tasks/PackageBundleTask$BundleFlags
Event: 10.777 loading class com/android/build/gradle/internal/tasks/PackageBundleTask$BundleFlags done
Event: 10.782 loading class com/android/build/gradle/internal/tasks/PackageBundleTaskKt
Event: 10.782 loading class com/android/build/gradle/internal/tasks/PackageBundleTaskKt done


Dynamic libraries:
0x00007ff71c530000 - 0x00007ff71c561000 	C:\Program Files\Android\Android Studio\jre\bin\java.exe
0x00007ffe47f80000 - 0x00007ffe48161000 	C:\WINDOWS\SYSTEM32\ntdll.dll
0x00007ffe47910000 - 0x00007ffe479c2000 	C:\WINDOWS\System32\KERNEL32.DLL
0x00007ffe44d00000 - 0x00007ffe44f73000 	C:\WINDOWS\System32\KERNELBASE.dll
0x00007ffe453e0000 - 0x00007ffe45481000 	C:\WINDOWS\System32\ADVAPI32.dll
0x00007ffe479d0000 - 0x00007ffe47a6e000 	C:\WINDOWS\System32\msvcrt.dll
0x00007ffe45490000 - 0x00007ffe454eb000 	C:\WINDOWS\System32\sechost.dll
0x00007ffe455c0000 - 0x00007ffe456e4000 	C:\WINDOWS\System32\RPCRT4.dll
0x00007ffe46f80000 - 0x00007ffe47110000 	C:\WINDOWS\System32\USER32.dll
0x00007ffe45020000 - 0x00007ffe45040000 	C:\WINDOWS\System32\win32u.dll
0x00007ffe478e0000 - 0x00007ffe47908000 	C:\WINDOWS\System32\GDI32.dll
0x00007ffe44ab0000 - 0x00007ffe44c42000 	C:\WINDOWS\System32\gdi32full.dll
0x00007ffe44f80000 - 0x00007ffe4501f000 	C:\WINDOWS\System32\msvcp_win.dll
0x00007ffe45090000 - 0x00007ffe4518a000 	C:\WINDOWS\System32\ucrtbase.dll
0x00007ffe36140000 - 0x00007ffe363a9000 	C:\WINDOWS\WinSxS\amd64_microsoft.windows.common-controls_6595b64144ccf1df_6.0.17134.112_none_fb3f961b30681c12\COMCTL32.dll
0x00007ffe47320000 - 0x00007ffe47643000 	C:\WINDOWS\System32\combase.dll
0x00007ffe44320000 - 0x00007ffe4439a000 	C:\WINDOWS\System32\bcryptPrimitives.dll
0x00007ffe47650000 - 0x00007ffe4767d000 	C:\WINDOWS\System32\IMM32.DLL
0x000000006e080000 - 0x000000006e152000 	C:\Program Files\Android\Android Studio\jre\jre\bin\msvcr100.dll
0x000000006e7d0000 - 0x000000006f011000 	C:\Program Files\Android\Android Studio\jre\jre\bin\server\jvm.dll
0x00007ffe47850000 - 0x00007ffe47858000 	C:\WINDOWS\System32\PSAPI.DLL
0x00007ffe34cc0000 - 0x00007ffe34cc9000 	C:\WINDOWS\SYSTEM32\WSOCK32.dll
0x00007ffe42e90000 - 0x00007ffe42e9a000 	C:\WINDOWS\SYSTEM32\VERSION.dll
0x00007ffe40c60000 - 0x00007ffe40c83000 	C:\WINDOWS\SYSTEM32\WINMM.dll
0x00007ffe472b0000 - 0x00007ffe4731c000 	C:\WINDOWS\System32\WS2_32.dll
0x00007ffe40c30000 - 0x00007ffe40c5a000 	C:\WINDOWS\SYSTEM32\winmmbase.dll
0x00007ffe45040000 - 0x00007ffe45089000 	C:\WINDOWS\System32\cfgmgr32.dll
0x00007ffe42f90000 - 0x00007ffe42f9f000 	C:\Program Files\Android\Android Studio\jre\jre\bin\verify.dll
0x00007ffe41ed0000 - 0x00007ffe41ef9000 	C:\Program Files\Android\Android Studio\jre\jre\bin\java.dll
0x00007ffe42f70000 - 0x00007ffe42f86000 	C:\Program Files\Android\Android Studio\jre\jre\bin\zip.dll
0x00007ffe45960000 - 0x00007ffe46da0000 	C:\WINDOWS\System32\SHELL32.dll
0x00007ffe45510000 - 0x00007ffe455b9000 	C:\WINDOWS\System32\shcore.dll
0x00007ffe443a0000 - 0x00007ffe44aad000 	C:\WINDOWS\System32\windows.storage.dll
0x00007ffe47a70000 - 0x00007ffe47ac1000 	C:\WINDOWS\System32\shlwapi.dll
0x00007ffe44300000 - 0x00007ffe44311000 	C:\WINDOWS\System32\kernel.appcore.dll
0x00007ffe44270000 - 0x00007ffe4428f000 	C:\WINDOWS\System32\profapi.dll
0x00007ffe442b0000 - 0x00007ffe442fc000 	C:\WINDOWS\System32\powrprof.dll
0x00007ffe44260000 - 0x00007ffe4426a000 	C:\WINDOWS\System32\FLTLIB.DLL
0x00007ffe41eb0000 - 0x00007ffe41eca000 	C:\Program Files\Android\Android Studio\jre\jre\bin\net.dll
0x00007ffe43a80000 - 0x00007ffe43ae6000 	C:\WINDOWS\system32\mswsock.dll
0x00007ffe3c160000 - 0x00007ffe3c171000 	C:\Program Files\Android\Android Studio\jre\jre\bin\nio.dll
0x00007ffe3b770000 - 0x00007ffe3b796000 	C:\Users\mustafa.elsayed\.gradle\native\28\windows-amd64\native-platform.dll
0x00007ffe3c150000 - 0x00007ffe3c15d000 	C:\Program Files\Android\Android Studio\jre\jre\bin\management.dll
0x00007ffe43c30000 - 0x00007ffe43c47000 	C:\WINDOWS\SYSTEM32\CRYPTSP.dll
0x00007ffe43660000 - 0x00007ffe43693000 	C:\WINDOWS\system32\rsaenh.dll
0x00007ffe43dc0000 - 0x00007ffe43de5000 	C:\WINDOWS\SYSTEM32\bcrypt.dll
0x00007ffe44160000 - 0x00007ffe44188000 	C:\WINDOWS\SYSTEM32\USERENV.dll
0x00007ffe43c50000 - 0x00007ffe43c5b000 	C:\WINDOWS\SYSTEM32\CRYPTBASE.dll
0x00007ffe43800000 - 0x00007ffe43838000 	C:\WINDOWS\SYSTEM32\IPHLPAPI.DLL
0x00007ffe46ed0000 - 0x00007ffe46ed8000 	C:\WINDOWS\System32\NSI.dll
0x00007ffe3d480000 - 0x00007ffe3d496000 	C:\WINDOWS\SYSTEM32\dhcpcsvc6.DLL
0x00007ffe3f9c0000 - 0x00007ffe3f9da000 	C:\WINDOWS\SYSTEM32\dhcpcsvc.DLL

VM Arguments:
jvm_args: -Xmx1536m -Dfile.encoding=windows-1256 -Duser.country=US -Duser.language=en -Duser.variant 
java_command: org.gradle.launcher.daemon.bootstrap.GradleDaemon 5.2
java_class_path (initial): C:\Users\mustafa.elsayed\.gradle\wrapper\dists\gradle-5.2-all\7kr8uturf12kccyldlqrzjip6\gradle-5.2\lib\gradle-launcher-5.2.jar
Launcher Type: SUN_STANDARD

Environment Variables:
PATH=C:\Program Files (x86)\Common Files\Oracle\Java\javapath;C:\ProgramData\Oracle\Java\javapath;D:\app\Oracle_client\product\11.1.0\client_1\bin;C:\WINDOWS\system32;C:\WINDOWS;C:\WINDOWS\System32\Wbem;C:\WINDOWS\System32\WindowsPowerShell\v1.0\;C:\Program Files (x86)\Microsoft SQL Server\100\Tools\Binn\;C:\Program Files\Microsoft SQL Server\100\Tools\Binn\;C:\Program Files\Microsoft SQL Server\100\DTS\Binn\;C:\Program Files (x86)\Microsoft SQL Server\100\Tools\Binn\VSShell\Common7\IDE\;C:\Program Files (x86)\Microsoft SQL Server\100\DTS\Binn\;C:\Program Files (x86)\Microsoft Visual Studio 9.0\Common7\IDE\PrivateAssemblies\;C:\Program Files (x86)\Windows Kits\8.1\Windows Performance Toolkit\;C:\Program Files\Microsoft SQL Server\110\Tools\Binn\;C:\Program Files\TortoiseSVN\bin;C:\Program Files\Point Grey Research\FlyCap2 Viewer\bin64;C:\WINDOWS\System32\OpenSSH\;C:\Program Files\Git\cmd;C:\Users\mustafa.elsayed\AppData\Local\Android\Sdk\platform-tools;C:\Users\mustafa.elsayed\AppData\Local\Microsoft\WindowsApps;
USERNAME=Mustafa.Elsayed
OS=Windows_NT
PROCESSOR_IDENTIFIER=Intel64 Family 6 Model 60 Stepping 3, GenuineIntel



---------------  S Y S T E M  ---------------

OS: Windows 10.0 , 64 bit Build 17134 (10.0.17134.1)

CPU:total 4 (initial active 4) (4 cores per cpu, 1 threads per core) family 6 model 60 stepping 3, cmov, cx8, fxsr, mmx, sse, sse2, sse3, ssse3, sse4.1, sse4.2, popcnt, avx, avx2, aes, clmul, erms, lzcnt, tsc, tscinvbit, bmi1, bmi2

Memory: 4k page, physical 4082004k(461020k free), swap 10367492k(6776k free)

vm_info: OpenJDK 64-Bit Server VM (25.152-b01) for windows-amd64 JRE (1.8.0_152-release-1343-b01), built by "builder" with MS VC++ 10.0 (VS2010)

time: Mon Jul 01 12:51:14 2019
elapsed time: 10 seconds (0d 0h 0m 10s)

